<?xml version="1.0" encoding="UTF-8"?>
<testsuite xmlns:xsi="http://www.w3.org/2001/XMLSchema-instance" xsi:noNamespaceSchemaLocation="https://maven.apache.org/surefire/maven-surefire-plugin/xsd/surefire-test-report-3.0.xsd" version="3.0" name="gov.cdc.izgateway.ApplicationTests" time="12.459" tests="6" errors="0" skipped="0" failures="0">
  <properties>
    <property name="jsse.enableSNIExtension" value="true"/>
    <property name="java.specification.version" value="17"/>
    <property name="sun.cpu.isalist" value="amd64"/>
    <property name="sun.jnu.encoding" value="Cp1252"/>
    <property name="elastic.api.key" value="PGdb0H8BX9LFyMxchKyD:KSmKFR9wRtyCjiYnsAp_-g"/>
    <property name="java.class.path" value="C:\Users\boonek\git\izgateway\izgw-hub\target\test-classes;C:\Users\boonek\git\izgateway\izgw-hub\target\classes;C:\Users\boonek\git\izgateway\izgw-core\target\izgw-core-2.0.1-IZGW-SNAPSHOT.jar;C:\users\boonek\.m2\repository\io\tus\java\client\tus-java-client\0.5.0\tus-java-client-0.5.0.jar;C:\users\boonek\.m2\repository\org\jetbrains\annotations\24.0.1\annotations-24.0.1.jar;C:\users\boonek\.m2\repository\me\desair\tus\tus-java-server\1.0.0-3.0\tus-java-server-1.0.0-3.0.jar;C:\users\boonek\.m2\repository\commons-codec\commons-codec\1.16.1\commons-codec-1.16.1.jar;C:\users\boonek\.m2\repository\org\slf4j\slf4j-api\2.0.12\slf4j-api-2.0.12.jar;C:\users\boonek\.m2\repository\commons-fileupload\commons-fileupload\1.5\commons-fileupload-1.5.jar;C:\users\boonek\.m2\repository\org\springdoc\springdoc-openapi-starter-webmvc-ui\2.5.0\springdoc-openapi-starter-webmvc-ui-2.5.0.jar;C:\users\boonek\.m2\repository\org\springdoc\springdoc-openapi-starter-webmvc-api\2.5.0\springdoc-openapi-starter-webmvc-api-2.5.0.jar;C:\users\boonek\.m2\repository\org\springdoc\springdoc-openapi-starter-common\2.5.0\springdoc-openapi-starter-common-2.5.0.jar;C:\users\boonek\.m2\repository\io\swagger\core\v3\swagger-core-jakarta\2.2.21\swagger-core-jakarta-2.2.21.jar;C:\users\boonek\.m2\repository\io\swagger\core\v3\swagger-annotations-jakarta\2.2.21\swagger-annotations-jakarta-2.2.21.jar;C:\users\boonek\.m2\repository\io\swagger\core\v3\swagger-models-jakarta\2.2.21\swagger-models-jakarta-2.2.21.jar;C:\users\boonek\.m2\repository\jakarta\validation\jakarta.validation-api\3.0.2\jakarta.validation-api-3.0.2.jar;C:\users\boonek\.m2\repository\com\fasterxml\jackson\dataformat\jackson-dataformat-yaml\2.15.4\jackson-dataformat-yaml-2.15.4.jar;C:\users\boonek\.m2\repository\org\webjars\swagger-ui\5.13.0\swagger-ui-5.13.0.jar;C:\users\boonek\.m2\repository\org\springdoc\springdoc-openapi-starter-webflux-ui\2.5.0\springdoc-openapi-starter-webflux-ui-2.5.0.jar;C:\users\boonek\.m2\repository\org\springdoc\springdoc-openapi-starter-webflux-api\2.5.0\springdoc-openapi-starter-webflux-api-2.5.0.jar;C:\users\boonek\.m2\repository\org\springframework\spring-webflux\6.1.5\spring-webflux-6.1.5.jar;C:\users\boonek\.m2\repository\io\projectreactor\reactor-core\3.6.4\reactor-core-3.6.4.jar;C:\users\boonek\.m2\repository\org\reactivestreams\reactive-streams\1.0.4\reactive-streams-1.0.4.jar;C:\users\boonek\.m2\repository\org\codehaus\woodstox\stax2-api\4.2.2\stax2-api-4.2.2.jar;C:\users\boonek\.m2\repository\com\mysql\mysql-connector-j\8.4.0\mysql-connector-j-8.4.0.jar;C:\users\boonek\.m2\repository\com\zaxxer\HikariCP\5.0.1\HikariCP-5.0.1.jar;C:\users\boonek\.m2\repository\org\hibernate\orm\hibernate-core\6.4.4.Final\hibernate-core-6.4.4.Final.jar;C:\users\boonek\.m2\repository\jakarta\persistence\jakarta.persistence-api\3.1.0\jakarta.persistence-api-3.1.0.jar;C:\users\boonek\.m2\repository\jakarta\transaction\jakarta.transaction-api\2.0.1\jakarta.transaction-api-2.0.1.jar;C:\users\boonek\.m2\repository\org\jboss\logging\jboss-logging\3.5.3.Final\jboss-logging-3.5.3.Final.jar;C:\users\boonek\.m2\repository\org\hibernate\common\hibernate-commons-annotations\6.0.6.Final\hibernate-commons-annotations-6.0.6.Final.jar;C:\users\boonek\.m2\repository\io\smallrye\jandex\3.1.2\jandex-3.1.2.jar;C:\users\boonek\.m2\repository\com\fasterxml\classmate\1.6.0\classmate-1.6.0.jar;C:\users\boonek\.m2\repository\net\bytebuddy\byte-buddy\1.14.12\byte-buddy-1.14.12.jar;C:\users\boonek\.m2\repository\jakarta\xml\bind\jakarta.xml.bind-api\4.0.2\jakarta.xml.bind-api-4.0.2.jar;C:\users\boonek\.m2\repository\jakarta\activation\jakarta.activation-api\2.1.3\jakarta.activation-api-2.1.3.jar;C:\users\boonek\.m2\repository\org\glassfish\jaxb\jaxb-runtime\4.0.5\jaxb-runtime-4.0.5.jar;C:\users\boonek\.m2\repository\org\glassfish\jaxb\jaxb-core\4.0.5\jaxb-core-4.0.5.jar;C:\users\boonek\.m2\repository\org\eclipse\angus\angus-activation\2.0.2\angus-activation-2.0.2.jar;C:\users\boonek\.m2\repository\org\glassfish\jaxb\txw2\4.0.5\txw2-4.0.5.jar;C:\users\boonek\.m2\repository\com\sun\istack\istack-commons-runtime\4.1.2\istack-commons-runtime-4.1.2.jar;C:\users\boonek\.m2\repository\jakarta\inject\jakarta.inject-api\2.0.1\jakarta.inject-api-2.0.1.jar;C:\users\boonek\.m2\repository\org\antlr\antlr4-runtime\4.13.0\antlr4-runtime-4.13.0.jar;C:\users\boonek\.m2\repository\org\projectlombok\lombok\1.18.30\lombok-1.18.30.jar;C:\users\boonek\.m2\repository\org\springframework\boot\spring-boot-starter-web\3.2.4\spring-boot-starter-web-3.2.4.jar;C:\users\boonek\.m2\repository\org\springframework\boot\spring-boot-starter\3.2.4\spring-boot-starter-3.2.4.jar;C:\users\boonek\.m2\repository\org\springframework\boot\spring-boot\3.2.4\spring-boot-3.2.4.jar;C:\users\boonek\.m2\repository\org\springframework\boot\spring-boot-autoconfigure\3.2.4\spring-boot-autoconfigure-3.2.4.jar;C:\users\boonek\.m2\repository\org\springframework\boot\spring-boot-starter-logging\3.2.4\spring-boot-starter-logging-3.2.4.jar;C:\users\boonek\.m2\repository\org\apache\logging\log4j\log4j-to-slf4j\2.21.1\log4j-to-slf4j-2.21.1.jar;C:\users\boonek\.m2\repository\org\apache\logging\log4j\log4j-api\2.21.1\log4j-api-2.21.1.jar;C:\users\boonek\.m2\repository\org\slf4j\jul-to-slf4j\2.0.12\jul-to-slf4j-2.0.12.jar;C:\users\boonek\.m2\repository\org\yaml\snakeyaml\2.2\snakeyaml-2.2.jar;C:\users\boonek\.m2\repository\org\springframework\boot\spring-boot-starter-json\3.2.4\spring-boot-starter-json-3.2.4.jar;C:\users\boonek\.m2\repository\com\fasterxml\jackson\datatype\jackson-datatype-jdk8\2.15.4\jackson-datatype-jdk8-2.15.4.jar;C:\users\boonek\.m2\repository\com\fasterxml\jackson\datatype\jackson-datatype-jsr310\2.15.4\jackson-datatype-jsr310-2.15.4.jar;C:\users\boonek\.m2\repository\com\fasterxml\jackson\module\jackson-module-parameter-names\2.15.4\jackson-module-parameter-names-2.15.4.jar;C:\users\boonek\.m2\repository\org\springframework\boot\spring-boot-starter-tomcat\3.2.4\spring-boot-starter-tomcat-3.2.4.jar;C:\users\boonek\.m2\repository\org\apache\tomcat\embed\tomcat-embed-core\10.1.19\tomcat-embed-core-10.1.19.jar;C:\users\boonek\.m2\repository\org\apache\tomcat\embed\tomcat-embed-el\10.1.19\tomcat-embed-el-10.1.19.jar;C:\users\boonek\.m2\repository\org\apache\tomcat\embed\tomcat-embed-websocket\10.1.19\tomcat-embed-websocket-10.1.19.jar;C:\users\boonek\.m2\repository\org\springframework\spring-webmvc\6.1.5\spring-webmvc-6.1.5.jar;C:\users\boonek\.m2\repository\org\springframework\spring-expression\6.1.5\spring-expression-6.1.5.jar;C:\users\boonek\.m2\repository\org\springframework\boot\spring-boot-starter-security\3.2.4\spring-boot-starter-security-3.2.4.jar;C:\users\boonek\.m2\repository\org\springframework\spring-aop\6.1.5\spring-aop-6.1.5.jar;C:\users\boonek\.m2\repository\org\springframework\security\spring-security-config\6.2.3\spring-security-config-6.2.3.jar;C:\users\boonek\.m2\repository\org\springframework\security\spring-security-core\6.2.3\spring-security-core-6.2.3.jar;C:\users\boonek\.m2\repository\org\springframework\security\spring-security-crypto\6.2.3\spring-security-crypto-6.2.3.jar;C:\users\boonek\.m2\repository\org\springframework\security\spring-security-web\6.2.3\spring-security-web-6.2.3.jar;C:\users\boonek\.m2\repository\org\springframework\data\spring-data-jpa\3.2.4\spring-data-jpa-3.2.4.jar;C:\users\boonek\.m2\repository\org\springframework\data\spring-data-commons\3.2.4\spring-data-commons-3.2.4.jar;C:\users\boonek\.m2\repository\org\springframework\spring-orm\6.1.5\spring-orm-6.1.5.jar;C:\users\boonek\.m2\repository\org\springframework\spring-jdbc\6.1.5\spring-jdbc-6.1.5.jar;C:\users\boonek\.m2\repository\org\springframework\spring-context\6.1.5\spring-context-6.1.5.jar;C:\users\boonek\.m2\repository\org\springframework\spring-tx\6.1.5\spring-tx-6.1.5.jar;C:\users\boonek\.m2\repository\org\springframework\spring-beans\6.1.5\spring-beans-6.1.5.jar;C:\users\boonek\.m2\repository\org\springframework\spring-core\6.1.5\spring-core-6.1.5.jar;C:\users\boonek\.m2\repository\org\springframework\spring-jcl\6.1.5\spring-jcl-6.1.5.jar;C:\users\boonek\.m2\repository\jakarta\annotation\jakarta.annotation-api\2.1.1\jakarta.annotation-api-2.1.1.jar;C:\users\boonek\.m2\repository\com\github\oshi\oshi-core\6.5.0\oshi-core-6.5.0.jar;C:\users\boonek\.m2\repository\net\java\dev\jna\jna\5.14.0\jna-5.14.0.jar;C:\users\boonek\.m2\repository\net\java\dev\jna\jna-platform\5.14.0\jna-platform-5.14.0.jar;C:\users\boonek\.m2\repository\org\apache\commons\commons-collections4\4.4\commons-collections4-4.4.jar;C:\users\boonek\.m2\repository\org\springframework\spring-web\6.1.6\spring-web-6.1.6.jar;C:\users\boonek\.m2\repository\io\micrometer\micrometer-observation\1.12.4\micrometer-observation-1.12.4.jar;C:\users\boonek\.m2\repository\io\micrometer\micrometer-commons\1.12.4\micrometer-commons-1.12.4.jar;C:\users\boonek\.m2\repository\org\apache\httpcomponents\httpclient\4.5.14\httpclient-4.5.14.jar;C:\users\boonek\.m2\repository\org\apache\commons\commons-lang3\3.13.0\commons-lang3-3.13.0.jar;C:\users\boonek\.m2\repository\commons-io\commons-io\2.16.1\commons-io-2.16.1.jar;C:\users\boonek\.m2\repository\org\apache\commons\commons-text\1.12.0\commons-text-1.12.0.jar;C:\users\boonek\.m2\repository\ch\qos\logback\logback-classic\1.5.6\logback-classic-1.5.6.jar;C:\users\boonek\.m2\repository\ch\qos\logback\logback-core\1.5.6\logback-core-1.5.6.jar;C:\users\boonek\.m2\repository\net\logstash\logback\logstash-logback-encoder\7.4\logstash-logback-encoder-7.4.jar;C:\users\boonek\.m2\repository\jakarta\servlet\jakarta.servlet-api\6.0.0\jakarta.servlet-api-6.0.0.jar;C:\users\boonek\.m2\repository\com\fasterxml\jackson\core\jackson-annotations\2.15.4\jackson-annotations-2.15.4.jar;C:\users\boonek\.m2\repository\com\fasterxml\jackson\core\jackson-core\2.15.4\jackson-core-2.15.4.jar;C:\users\boonek\.m2\repository\com\fasterxml\jackson\core\jackson-databind\2.16.2\jackson-databind-2.16.2.jar;C:\users\boonek\.m2\repository\org\codehaus\janino\janino\3.1.12\janino-3.1.12.jar;C:\users\boonek\.m2\repository\org\codehaus\janino\commons-compiler\3.1.12\commons-compiler-3.1.12.jar;C:\users\boonek\.m2\repository\org\bouncycastle\bcpkix-fips\1.0.7\bcpkix-fips-1.0.7.jar;C:\users\boonek\.m2\repository\org\bouncycastle\bc-fips\1.0.2.4\bc-fips-1.0.2.4.jar;C:\users\boonek\.m2\repository\org\bouncycastle\bctls-fips\1.0.16\bctls-fips-1.0.16.jar;C:\users\boonek\.m2\repository\com\sun\activation\javax.activation\1.2.0\javax.activation-1.2.0.jar;C:\users\boonek\.m2\repository\ca\uhn\hapi\hapi-structures-v251\2.3\hapi-structures-v251-2.3.jar;C:\users\boonek\.m2\repository\ca\uhn\hapi\hapi-base\2.3\hapi-base-2.3.jar;C:\users\boonek\.m2\repository\joda-time\joda-time\2.1\joda-time-2.1.jar;C:\users\boonek\.m2\repository\javax\xml\ws\jaxws-api\2.3.1\jaxws-api-2.3.1.jar;C:\users\boonek\.m2\repository\javax\xml\bind\jaxb-api\2.3.1\jaxb-api-2.3.1.jar;C:\users\boonek\.m2\repository\javax\activation\javax.activation-api\1.2.0\javax.activation-api-1.2.0.jar;C:\users\boonek\.m2\repository\javax\xml\soap\javax.xml.soap-api\1.4.0\javax.xml.soap-api-1.4.0.jar;C:\users\boonek\.m2\repository\javax\annotation\javax.annotation-api\1.3.2\javax.annotation-api-1.3.2.jar;C:\users\boonek\.m2\repository\org\springframework\boot\spring-boot-starter-test\3.2.4\spring-boot-starter-test-3.2.4.jar;C:\users\boonek\.m2\repository\org\springframework\boot\spring-boot-test\3.2.4\spring-boot-test-3.2.4.jar;C:\users\boonek\.m2\repository\org\springframework\boot\spring-boot-test-autoconfigure\3.2.4\spring-boot-test-autoconfigure-3.2.4.jar;C:\users\boonek\.m2\repository\com\jayway\jsonpath\json-path\2.9.0\json-path-2.9.0.jar;C:\users\boonek\.m2\repository\net\minidev\json-smart\2.5.0\json-smart-2.5.0.jar;C:\users\boonek\.m2\repository\net\minidev\accessors-smart\2.5.0\accessors-smart-2.5.0.jar;C:\users\boonek\.m2\repository\org\ow2\asm\asm\9.3\asm-9.3.jar;C:\users\boonek\.m2\repository\org\assertj\assertj-core\3.24.2\assertj-core-3.24.2.jar;C:\users\boonek\.m2\repository\org\awaitility\awaitility\4.2.0\awaitility-4.2.0.jar;C:\users\boonek\.m2\repository\org\hamcrest\hamcrest\2.2\hamcrest-2.2.jar;C:\users\boonek\.m2\repository\org\junit\jupiter\junit-jupiter\5.10.2\junit-jupiter-5.10.2.jar;C:\users\boonek\.m2\repository\org\junit\jupiter\junit-jupiter-api\5.10.2\junit-jupiter-api-5.10.2.jar;C:\users\boonek\.m2\repository\org\opentest4j\opentest4j\1.3.0\opentest4j-1.3.0.jar;C:\users\boonek\.m2\repository\org\junit\platform\junit-platform-commons\1.10.2\junit-platform-commons-1.10.2.jar;C:\users\boonek\.m2\repository\org\apiguardian\apiguardian-api\1.1.2\apiguardian-api-1.1.2.jar;C:\users\boonek\.m2\repository\org\junit\jupiter\junit-jupiter-params\5.10.2\junit-jupiter-params-5.10.2.jar;C:\users\boonek\.m2\repository\org\junit\jupiter\junit-jupiter-engine\5.10.2\junit-jupiter-engine-5.10.2.jar;C:\users\boonek\.m2\repository\org\junit\platform\junit-platform-engine\1.10.2\junit-platform-engine-1.10.2.jar;C:\users\boonek\.m2\repository\org\mockito\mockito-core\5.7.0\mockito-core-5.7.0.jar;C:\users\boonek\.m2\repository\net\bytebuddy\byte-buddy-agent\1.14.12\byte-buddy-agent-1.14.12.jar;C:\users\boonek\.m2\repository\org\objenesis\objenesis\3.3\objenesis-3.3.jar;C:\users\boonek\.m2\repository\org\mockito\mockito-junit-jupiter\5.7.0\mockito-junit-jupiter-5.7.0.jar;C:\users\boonek\.m2\repository\org\skyscreamer\jsonassert\1.5.1\jsonassert-1.5.1.jar;C:\users\boonek\.m2\repository\com\vaadin\external\google\android-json\0.0.20131108.vaadin1\android-json-0.0.20131108.vaadin1.jar;C:\users\boonek\.m2\repository\org\springframework\spring-test\6.1.5\spring-test-6.1.5.jar;C:\users\boonek\.m2\repository\org\xmlunit\xmlunit-core\2.9.1\xmlunit-core-2.9.1.jar;C:\users\boonek\.m2\repository\com\h2database\h2\2.2.224\h2-2.2.224.jar;C:\users\boonek\.m2\repository\org\hsqldb\hsqldb\2.7.2\hsqldb-2.7.2.jar;C:\users\boonek\.m2\repository\org\apache\commons\commons-math3\3.6.1\commons-math3-3.6.1.jar;C:\users\boonek\.m2\repository\org\apache\httpcomponents\httpcore\4.4.16\httpcore-4.4.16.jar;"/>
    <property name="java.vm.vendor" value="Oracle Corporation"/>
    <property name="sun.arch.data.model" value="64"/>
    <property name="user.variant" value=""/>
    <property name="java.vendor.url" value="https://java.oracle.com/"/>
    <property name="catalina.useNaming" value="false"/>
    <property name="user.timezone" value="America/New_York"/>
    <property name="org.jboss.logging.provider" value="slf4j"/>
    <property name="java.vm.specification.version" value="17"/>
    <property name="os.name" value="Windows 10"/>
    <property name="https.cipherSuites" value="TLS_AES_256_GCM_SHA384,TLS_AES_128_GCM_SHA256,TLS_ECDHE_RSA_WITH_AES_256_GCM_SHA384,TLS_ECDHE_ECDSA_WITH_AES_256_GCM_SHA384,TLS_ECDHE_RSA_WITH_AES_128_GCM_SHA256,TLS_ECDHE_ECDSA_WITH_AES_128_GCM_SHA256,TLS_DHE_RSA_WITH_AES_256_GCM_SHA384,TLS_DHE_DSS_WITH_AES_256_GCM_SHA384,TLS_DHE_RSA_WITH_AES_128_GCM_SHA256,TLS_DHE_DSS_WITH_AES_128_GCM_SHA256"/>
    <property name="sun.java.launcher" value="SUN_STANDARD"/>
    <property name="user.country" value="US"/>
    <property name="jdk.tls.client.cipherSuites" value="TLS_AES_256_GCM_SHA384,TLS_AES_128_GCM_SHA256,TLS_ECDHE_RSA_WITH_AES_256_GCM_SHA384,TLS_ECDHE_ECDSA_WITH_AES_256_GCM_SHA384,TLS_ECDHE_RSA_WITH_AES_128_GCM_SHA256,TLS_ECDHE_ECDSA_WITH_AES_128_GCM_SHA256,TLS_DHE_RSA_WITH_AES_256_GCM_SHA384,TLS_DHE_DSS_WITH_AES_256_GCM_SHA384,TLS_DHE_RSA_WITH_AES_128_GCM_SHA256,TLS_DHE_DSS_WITH_AES_128_GCM_SHA256"/>
    <property name="sun.boot.library.path" value="C:\Program Files\Java\jdk-17\bin"/>
    <property name="sun.java.command" value="C:\Users\boonek\AppData\Local\Temp\surefire9175136130077120298\surefirebooter-20240503171234914_3.jar C:\Users\boonek\AppData\Local\Temp\surefire9175136130077120298 2024-05-03T17-12-16_321-jvmRun1 surefire-20240503171234914_1tmp surefire_0-20240503171234914_2tmp"/>
    <property name="jdk.debug" value="release"/>
    <property name="surefire.test.class.path" value="C:\Users\boonek\git\izgateway\izgw-hub\target\test-classes;C:\Users\boonek\git\izgateway\izgw-hub\target\classes;C:\Users\boonek\git\izgateway\izgw-core\target\izgw-core-2.0.1-IZGW-SNAPSHOT.jar;C:\users\boonek\.m2\repository\io\tus\java\client\tus-java-client\0.5.0\tus-java-client-0.5.0.jar;C:\users\boonek\.m2\repository\org\jetbrains\annotations\24.0.1\annotations-24.0.1.jar;C:\users\boonek\.m2\repository\me\desair\tus\tus-java-server\1.0.0-3.0\tus-java-server-1.0.0-3.0.jar;C:\users\boonek\.m2\repository\commons-codec\commons-codec\1.16.1\commons-codec-1.16.1.jar;C:\users\boonek\.m2\repository\org\slf4j\slf4j-api\2.0.12\slf4j-api-2.0.12.jar;C:\users\boonek\.m2\repository\commons-fileupload\commons-fileupload\1.5\commons-fileupload-1.5.jar;C:\users\boonek\.m2\repository\org\springdoc\springdoc-openapi-starter-webmvc-ui\2.5.0\springdoc-openapi-starter-webmvc-ui-2.5.0.jar;C:\users\boonek\.m2\repository\org\springdoc\springdoc-openapi-starter-webmvc-api\2.5.0\springdoc-openapi-starter-webmvc-api-2.5.0.jar;C:\users\boonek\.m2\repository\org\springdoc\springdoc-openapi-starter-common\2.5.0\springdoc-openapi-starter-common-2.5.0.jar;C:\users\boonek\.m2\repository\io\swagger\core\v3\swagger-core-jakarta\2.2.21\swagger-core-jakarta-2.2.21.jar;C:\users\boonek\.m2\repository\io\swagger\core\v3\swagger-annotations-jakarta\2.2.21\swagger-annotations-jakarta-2.2.21.jar;C:\users\boonek\.m2\repository\io\swagger\core\v3\swagger-models-jakarta\2.2.21\swagger-models-jakarta-2.2.21.jar;C:\users\boonek\.m2\repository\jakarta\validation\jakarta.validation-api\3.0.2\jakarta.validation-api-3.0.2.jar;C:\users\boonek\.m2\repository\com\fasterxml\jackson\dataformat\jackson-dataformat-yaml\2.15.4\jackson-dataformat-yaml-2.15.4.jar;C:\users\boonek\.m2\repository\org\webjars\swagger-ui\5.13.0\swagger-ui-5.13.0.jar;C:\users\boonek\.m2\repository\org\springdoc\springdoc-openapi-starter-webflux-ui\2.5.0\springdoc-openapi-starter-webflux-ui-2.5.0.jar;C:\users\boonek\.m2\repository\org\springdoc\springdoc-openapi-starter-webflux-api\2.5.0\springdoc-openapi-starter-webflux-api-2.5.0.jar;C:\users\boonek\.m2\repository\org\springframework\spring-webflux\6.1.5\spring-webflux-6.1.5.jar;C:\users\boonek\.m2\repository\io\projectreactor\reactor-core\3.6.4\reactor-core-3.6.4.jar;C:\users\boonek\.m2\repository\org\reactivestreams\reactive-streams\1.0.4\reactive-streams-1.0.4.jar;C:\users\boonek\.m2\repository\org\codehaus\woodstox\stax2-api\4.2.2\stax2-api-4.2.2.jar;C:\users\boonek\.m2\repository\com\mysql\mysql-connector-j\8.4.0\mysql-connector-j-8.4.0.jar;C:\users\boonek\.m2\repository\com\zaxxer\HikariCP\5.0.1\HikariCP-5.0.1.jar;C:\users\boonek\.m2\repository\org\hibernate\orm\hibernate-core\6.4.4.Final\hibernate-core-6.4.4.Final.jar;C:\users\boonek\.m2\repository\jakarta\persistence\jakarta.persistence-api\3.1.0\jakarta.persistence-api-3.1.0.jar;C:\users\boonek\.m2\repository\jakarta\transaction\jakarta.transaction-api\2.0.1\jakarta.transaction-api-2.0.1.jar;C:\users\boonek\.m2\repository\org\jboss\logging\jboss-logging\3.5.3.Final\jboss-logging-3.5.3.Final.jar;C:\users\boonek\.m2\repository\org\hibernate\common\hibernate-commons-annotations\6.0.6.Final\hibernate-commons-annotations-6.0.6.Final.jar;C:\users\boonek\.m2\repository\io\smallrye\jandex\3.1.2\jandex-3.1.2.jar;C:\users\boonek\.m2\repository\com\fasterxml\classmate\1.6.0\classmate-1.6.0.jar;C:\users\boonek\.m2\repository\net\bytebuddy\byte-buddy\1.14.12\byte-buddy-1.14.12.jar;C:\users\boonek\.m2\repository\jakarta\xml\bind\jakarta.xml.bind-api\4.0.2\jakarta.xml.bind-api-4.0.2.jar;C:\users\boonek\.m2\repository\jakarta\activation\jakarta.activation-api\2.1.3\jakarta.activation-api-2.1.3.jar;C:\users\boonek\.m2\repository\org\glassfish\jaxb\jaxb-runtime\4.0.5\jaxb-runtime-4.0.5.jar;C:\users\boonek\.m2\repository\org\glassfish\jaxb\jaxb-core\4.0.5\jaxb-core-4.0.5.jar;C:\users\boonek\.m2\repository\org\eclipse\angus\angus-activation\2.0.2\angus-activation-2.0.2.jar;C:\users\boonek\.m2\repository\org\glassfish\jaxb\txw2\4.0.5\txw2-4.0.5.jar;C:\users\boonek\.m2\repository\com\sun\istack\istack-commons-runtime\4.1.2\istack-commons-runtime-4.1.2.jar;C:\users\boonek\.m2\repository\jakarta\inject\jakarta.inject-api\2.0.1\jakarta.inject-api-2.0.1.jar;C:\users\boonek\.m2\repository\org\antlr\antlr4-runtime\4.13.0\antlr4-runtime-4.13.0.jar;C:\users\boonek\.m2\repository\org\projectlombok\lombok\1.18.30\lombok-1.18.30.jar;C:\users\boonek\.m2\repository\org\springframework\boot\spring-boot-starter-web\3.2.4\spring-boot-starter-web-3.2.4.jar;C:\users\boonek\.m2\repository\org\springframework\boot\spring-boot-starter\3.2.4\spring-boot-starter-3.2.4.jar;C:\users\boonek\.m2\repository\org\springframework\boot\spring-boot\3.2.4\spring-boot-3.2.4.jar;C:\users\boonek\.m2\repository\org\springframework\boot\spring-boot-autoconfigure\3.2.4\spring-boot-autoconfigure-3.2.4.jar;C:\users\boonek\.m2\repository\org\springframework\boot\spring-boot-starter-logging\3.2.4\spring-boot-starter-logging-3.2.4.jar;C:\users\boonek\.m2\repository\org\apache\logging\log4j\log4j-to-slf4j\2.21.1\log4j-to-slf4j-2.21.1.jar;C:\users\boonek\.m2\repository\org\apache\logging\log4j\log4j-api\2.21.1\log4j-api-2.21.1.jar;C:\users\boonek\.m2\repository\org\slf4j\jul-to-slf4j\2.0.12\jul-to-slf4j-2.0.12.jar;C:\users\boonek\.m2\repository\org\yaml\snakeyaml\2.2\snakeyaml-2.2.jar;C:\users\boonek\.m2\repository\org\springframework\boot\spring-boot-starter-json\3.2.4\spring-boot-starter-json-3.2.4.jar;C:\users\boonek\.m2\repository\com\fasterxml\jackson\datatype\jackson-datatype-jdk8\2.15.4\jackson-datatype-jdk8-2.15.4.jar;C:\users\boonek\.m2\repository\com\fasterxml\jackson\datatype\jackson-datatype-jsr310\2.15.4\jackson-datatype-jsr310-2.15.4.jar;C:\users\boonek\.m2\repository\com\fasterxml\jackson\module\jackson-module-parameter-names\2.15.4\jackson-module-parameter-names-2.15.4.jar;C:\users\boonek\.m2\repository\org\springframework\boot\spring-boot-starter-tomcat\3.2.4\spring-boot-starter-tomcat-3.2.4.jar;C:\users\boonek\.m2\repository\org\apache\tomcat\embed\tomcat-embed-core\10.1.19\tomcat-embed-core-10.1.19.jar;C:\users\boonek\.m2\repository\org\apache\tomcat\embed\tomcat-embed-el\10.1.19\tomcat-embed-el-10.1.19.jar;C:\users\boonek\.m2\repository\org\apache\tomcat\embed\tomcat-embed-websocket\10.1.19\tomcat-embed-websocket-10.1.19.jar;C:\users\boonek\.m2\repository\org\springframework\spring-webmvc\6.1.5\spring-webmvc-6.1.5.jar;C:\users\boonek\.m2\repository\org\springframework\spring-expression\6.1.5\spring-expression-6.1.5.jar;C:\users\boonek\.m2\repository\org\springframework\boot\spring-boot-starter-security\3.2.4\spring-boot-starter-security-3.2.4.jar;C:\users\boonek\.m2\repository\org\springframework\spring-aop\6.1.5\spring-aop-6.1.5.jar;C:\users\boonek\.m2\repository\org\springframework\security\spring-security-config\6.2.3\spring-security-config-6.2.3.jar;C:\users\boonek\.m2\repository\org\springframework\security\spring-security-core\6.2.3\spring-security-core-6.2.3.jar;C:\users\boonek\.m2\repository\org\springframework\security\spring-security-crypto\6.2.3\spring-security-crypto-6.2.3.jar;C:\users\boonek\.m2\repository\org\springframework\security\spring-security-web\6.2.3\spring-security-web-6.2.3.jar;C:\users\boonek\.m2\repository\org\springframework\data\spring-data-jpa\3.2.4\spring-data-jpa-3.2.4.jar;C:\users\boonek\.m2\repository\org\springframework\data\spring-data-commons\3.2.4\spring-data-commons-3.2.4.jar;C:\users\boonek\.m2\repository\org\springframework\spring-orm\6.1.5\spring-orm-6.1.5.jar;C:\users\boonek\.m2\repository\org\springframework\spring-jdbc\6.1.5\spring-jdbc-6.1.5.jar;C:\users\boonek\.m2\repository\org\springframework\spring-context\6.1.5\spring-context-6.1.5.jar;C:\users\boonek\.m2\repository\org\springframework\spring-tx\6.1.5\spring-tx-6.1.5.jar;C:\users\boonek\.m2\repository\org\springframework\spring-beans\6.1.5\spring-beans-6.1.5.jar;C:\users\boonek\.m2\repository\org\springframework\spring-core\6.1.5\spring-core-6.1.5.jar;C:\users\boonek\.m2\repository\org\springframework\spring-jcl\6.1.5\spring-jcl-6.1.5.jar;C:\users\boonek\.m2\repository\jakarta\annotation\jakarta.annotation-api\2.1.1\jakarta.annotation-api-2.1.1.jar;C:\users\boonek\.m2\repository\com\github\oshi\oshi-core\6.5.0\oshi-core-6.5.0.jar;C:\users\boonek\.m2\repository\net\java\dev\jna\jna\5.14.0\jna-5.14.0.jar;C:\users\boonek\.m2\repository\net\java\dev\jna\jna-platform\5.14.0\jna-platform-5.14.0.jar;C:\users\boonek\.m2\repository\org\apache\commons\commons-collections4\4.4\commons-collections4-4.4.jar;C:\users\boonek\.m2\repository\org\springframework\spring-web\6.1.6\spring-web-6.1.6.jar;C:\users\boonek\.m2\repository\io\micrometer\micrometer-observation\1.12.4\micrometer-observation-1.12.4.jar;C:\users\boonek\.m2\repository\io\micrometer\micrometer-commons\1.12.4\micrometer-commons-1.12.4.jar;C:\users\boonek\.m2\repository\org\apache\httpcomponents\httpclient\4.5.14\httpclient-4.5.14.jar;C:\users\boonek\.m2\repository\org\apache\commons\commons-lang3\3.13.0\commons-lang3-3.13.0.jar;C:\users\boonek\.m2\repository\commons-io\commons-io\2.16.1\commons-io-2.16.1.jar;C:\users\boonek\.m2\repository\org\apache\commons\commons-text\1.12.0\commons-text-1.12.0.jar;C:\users\boonek\.m2\repository\ch\qos\logback\logback-classic\1.5.6\logback-classic-1.5.6.jar;C:\users\boonek\.m2\repository\ch\qos\logback\logback-core\1.5.6\logback-core-1.5.6.jar;C:\users\boonek\.m2\repository\net\logstash\logback\logstash-logback-encoder\7.4\logstash-logback-encoder-7.4.jar;C:\users\boonek\.m2\repository\jakarta\servlet\jakarta.servlet-api\6.0.0\jakarta.servlet-api-6.0.0.jar;C:\users\boonek\.m2\repository\com\fasterxml\jackson\core\jackson-annotations\2.15.4\jackson-annotations-2.15.4.jar;C:\users\boonek\.m2\repository\com\fasterxml\jackson\core\jackson-core\2.15.4\jackson-core-2.15.4.jar;C:\users\boonek\.m2\repository\com\fasterxml\jackson\core\jackson-databind\2.16.2\jackson-databind-2.16.2.jar;C:\users\boonek\.m2\repository\org\codehaus\janino\janino\3.1.12\janino-3.1.12.jar;C:\users\boonek\.m2\repository\org\codehaus\janino\commons-compiler\3.1.12\commons-compiler-3.1.12.jar;C:\users\boonek\.m2\repository\org\bouncycastle\bcpkix-fips\1.0.7\bcpkix-fips-1.0.7.jar;C:\users\boonek\.m2\repository\org\bouncycastle\bc-fips\1.0.2.4\bc-fips-1.0.2.4.jar;C:\users\boonek\.m2\repository\org\bouncycastle\bctls-fips\1.0.16\bctls-fips-1.0.16.jar;C:\users\boonek\.m2\repository\com\sun\activation\javax.activation\1.2.0\javax.activation-1.2.0.jar;C:\users\boonek\.m2\repository\ca\uhn\hapi\hapi-structures-v251\2.3\hapi-structures-v251-2.3.jar;C:\users\boonek\.m2\repository\ca\uhn\hapi\hapi-base\2.3\hapi-base-2.3.jar;C:\users\boonek\.m2\repository\joda-time\joda-time\2.1\joda-time-2.1.jar;C:\users\boonek\.m2\repository\javax\xml\ws\jaxws-api\2.3.1\jaxws-api-2.3.1.jar;C:\users\boonek\.m2\repository\javax\xml\bind\jaxb-api\2.3.1\jaxb-api-2.3.1.jar;C:\users\boonek\.m2\repository\javax\activation\javax.activation-api\1.2.0\javax.activation-api-1.2.0.jar;C:\users\boonek\.m2\repository\javax\xml\soap\javax.xml.soap-api\1.4.0\javax.xml.soap-api-1.4.0.jar;C:\users\boonek\.m2\repository\javax\annotation\javax.annotation-api\1.3.2\javax.annotation-api-1.3.2.jar;C:\users\boonek\.m2\repository\org\springframework\boot\spring-boot-starter-test\3.2.4\spring-boot-starter-test-3.2.4.jar;C:\users\boonek\.m2\repository\org\springframework\boot\spring-boot-test\3.2.4\spring-boot-test-3.2.4.jar;C:\users\boonek\.m2\repository\org\springframework\boot\spring-boot-test-autoconfigure\3.2.4\spring-boot-test-autoconfigure-3.2.4.jar;C:\users\boonek\.m2\repository\com\jayway\jsonpath\json-path\2.9.0\json-path-2.9.0.jar;C:\users\boonek\.m2\repository\net\minidev\json-smart\2.5.0\json-smart-2.5.0.jar;C:\users\boonek\.m2\repository\net\minidev\accessors-smart\2.5.0\accessors-smart-2.5.0.jar;C:\users\boonek\.m2\repository\org\ow2\asm\asm\9.3\asm-9.3.jar;C:\users\boonek\.m2\repository\org\assertj\assertj-core\3.24.2\assertj-core-3.24.2.jar;C:\users\boonek\.m2\repository\org\awaitility\awaitility\4.2.0\awaitility-4.2.0.jar;C:\users\boonek\.m2\repository\org\hamcrest\hamcrest\2.2\hamcrest-2.2.jar;C:\users\boonek\.m2\repository\org\junit\jupiter\junit-jupiter\5.10.2\junit-jupiter-5.10.2.jar;C:\users\boonek\.m2\repository\org\junit\jupiter\junit-jupiter-api\5.10.2\junit-jupiter-api-5.10.2.jar;C:\users\boonek\.m2\repository\org\opentest4j\opentest4j\1.3.0\opentest4j-1.3.0.jar;C:\users\boonek\.m2\repository\org\junit\platform\junit-platform-commons\1.10.2\junit-platform-commons-1.10.2.jar;C:\users\boonek\.m2\repository\org\apiguardian\apiguardian-api\1.1.2\apiguardian-api-1.1.2.jar;C:\users\boonek\.m2\repository\org\junit\jupiter\junit-jupiter-params\5.10.2\junit-jupiter-params-5.10.2.jar;C:\users\boonek\.m2\repository\org\junit\jupiter\junit-jupiter-engine\5.10.2\junit-jupiter-engine-5.10.2.jar;C:\users\boonek\.m2\repository\org\junit\platform\junit-platform-engine\1.10.2\junit-platform-engine-1.10.2.jar;C:\users\boonek\.m2\repository\org\mockito\mockito-core\5.7.0\mockito-core-5.7.0.jar;C:\users\boonek\.m2\repository\net\bytebuddy\byte-buddy-agent\1.14.12\byte-buddy-agent-1.14.12.jar;C:\users\boonek\.m2\repository\org\objenesis\objenesis\3.3\objenesis-3.3.jar;C:\users\boonek\.m2\repository\org\mockito\mockito-junit-jupiter\5.7.0\mockito-junit-jupiter-5.7.0.jar;C:\users\boonek\.m2\repository\org\skyscreamer\jsonassert\1.5.1\jsonassert-1.5.1.jar;C:\users\boonek\.m2\repository\com\vaadin\external\google\android-json\0.0.20131108.vaadin1\android-json-0.0.20131108.vaadin1.jar;C:\users\boonek\.m2\repository\org\springframework\spring-test\6.1.5\spring-test-6.1.5.jar;C:\users\boonek\.m2\repository\org\xmlunit\xmlunit-core\2.9.1\xmlunit-core-2.9.1.jar;C:\users\boonek\.m2\repository\com\h2database\h2\2.2.224\h2-2.2.224.jar;C:\users\boonek\.m2\repository\org\hsqldb\hsqldb\2.7.2\hsqldb-2.7.2.jar;C:\users\boonek\.m2\repository\org\apache\commons\commons-math3\3.6.1\commons-math3-3.6.1.jar;C:\users\boonek\.m2\repository\org\apache\httpcomponents\httpcore\4.4.16\httpcore-4.4.16.jar;"/>
    <property name="sun.cpu.endian" value="little"/>
    <property name="user.home" value="C:\Users\boonek"/>
    <property name="user.language" value="en"/>
    <property name="java.specification.vendor" value="Oracle Corporation"/>
    <property name="java.version.date" value="2021-09-14"/>
    <property name="java.home" value="C:\Program Files\Java\jdk-17"/>
    <property name="file.separator" value="\"/>
    <property name="basedir" value="C:\Users\boonek\git\izgateway\izgw-hub"/>
    <property name="java.vm.compressedOopsMode" value="Zero based"/>
    <property name="line.separator" value="&#10;"/>
    <property name="jdk.tls.server.protocols" value="TLSv1.2,TLSv1.3"/>
    <property name="java.vm.specification.vendor" value="Oracle Corporation"/>
    <property name="java.specification.name" value="Java Platform API Specification"/>
    <property name="FILE_LOG_CHARSET" value="UTF-8"/>
    <property name="java.awt.headless" value="true"/>
    <property name="surefire.real.class.path" value="C:\Users\boonek\AppData\Local\Temp\surefire9175136130077120298\surefirebooter-20240503171234914_3.jar"/>
    <property name="user.script" value=""/>
    <property name="org.bouncycastle.jsse.client.acceptRenegotiation" value="true"/>
    <property name="jdk.tls.server.cipherSuites" value="TLS_AES_256_GCM_SHA384,TLS_AES_128_GCM_SHA256,TLS_ECDHE_RSA_WITH_AES_256_GCM_SHA384,TLS_ECDHE_ECDSA_WITH_AES_256_GCM_SHA384,TLS_ECDHE_RSA_WITH_AES_128_GCM_SHA256,TLS_ECDHE_ECDSA_WITH_AES_128_GCM_SHA256,TLS_DHE_RSA_WITH_AES_256_GCM_SHA384,TLS_DHE_DSS_WITH_AES_256_GCM_SHA384,TLS_DHE_RSA_WITH_AES_128_GCM_SHA256,TLS_DHE_DSS_WITH_AES_128_GCM_SHA256"/>
    <property name="sun.management.compiler" value="HotSpot 64-Bit Tiered Compilers"/>
    <property name="java.runtime.version" value="17+35-2724"/>
    <property name="user.name" value="boonek"/>
    <property name="path.separator" value=";"/>
    <property name="os.version" value="10.0"/>
    <property name="java.runtime.name" value="OpenJDK Runtime Environment"/>
    <property name="file.encoding" value="UTF-8"/>
    <property name="jdk.tls.client.protocols" value="TLSv1.2,TLSv1.3"/>
    <property name="java.vm.name" value="OpenJDK 64-Bit Server VM"/>
    <property name="localRepository" value="C:\users\boonek\.m2\repository"/>
    <property name="java.vendor.url.bug" value="https://bugreport.java.com/bugreport/"/>
    <property name="java.io.tmpdir" value="C:\Users\boonek\AppData\Local\Temp\"/>
    <property name="com.zaxxer.hikari.pool_number" value="1"/>
    <property name="catalina.home" value="C:\Users\boonek\AppData\Local\Temp\tomcat.0.9373723342931252744"/>
    <property name="java.version" value="17"/>
    <property name="user.dir" value="C:\Users\boonek\git\izgateway\izgw-hub"/>
    <property name="os.arch" value="amd64"/>
    <property name="java.vm.specification.name" value="Java Virtual Machine Specification"/>
    <property name="PID" value="39796"/>
    <property name="sun.os.patch.level" value=""/>
    <property name="CONSOLE_LOG_CHARSET" value="UTF-8"/>
    <property name="catalina.base" value="C:\Users\boonek\AppData\Local\Temp\tomcat.0.9373723342931252744"/>
    <property name="native.encoding" value="Cp1252"/>
    <property name="java.library.path" value="C:\Program Files\Java\jdk-17\bin;C:\Windows\Sun\Java\bin;C:\Windows\system32;C:\Windows;C:\Program Files\Eclipse Adoptium\jdk-11.0.23.9-hotspot\bin;C:\Program Files\Oculus\Support\oculus-runtime;C:\Program Files\BellSoft\LibericaJDK-11\bin\;C:\Windows\system32;C:\Windows;C:\Windows\System32\Wbem;C:\Windows\System32\WindowsPowerShell\v1.0\;C:\Windows\System32\OpenSSH\;C:\Program Files (x86)\Pulse Secure\VC142.CRT\X64\;C:\Program Files (x86)\Pulse Secure\VC142.CRT\X86\;C:\Program Files (x86)\Common Files\Pulse Secure\TNC Client Plugin\;C:\Program Files\Go\bin;C:\Program Files (x86)\Plantronics\Spokes3G\;C:\Program Files\dotnet\;C:\Program Files (x86)\Microsoft SQL Server\160\Tools\Binn\;C:\Program Files\Microsoft SQL Server\160\Tools\Binn\;C:\Program Files\Microsoft SQL Server\Client SDK\ODBC\170\Tools\Binn\;C:\Program Files\Microsoft SQL Server\160\DTS\Binn\;C:\Program Files\Amazon\AWSCLIV2\;C:\Program Files (x86)\Bitvise SSH Client;C:\Program Files\Docker\Docker\resources\bin;C:\Program Files\PuTTY\;C:\Program Files\nodejs\;C:\Program Files\Git\cmd;C:\Program Files\Git\mingw64\bin;C:\Program Files\Git\usr\bin;C:\Users\boonek\scoop\shims;C:\Program Files\MySQL\MySQL Shell 8.0\bin\;C:\Ruby31-x64\bin;C:\Users\boonek\AppData\Local\Microsoft\WindowsApps;C:\Users\boonek\go\bin;C:\Users\boonek\AppData\Roaming\npm;C:\Users\boonek\AppData\Local\Programs\Microsoft VS Code\bin;C:\apache-maven-3.9.6\bin;C:\apache-jmeter-5.5\apache-jmeter-5.5\bin;C:\Users\boonek\AppData\Local\Programs\Fiddler;C:\Users\boonek\AppData\Local\GitHubDesktop\bin;C:\Users\boonek\.dotnet\tools;C:\Users\boonek\AppData\Local\Box\Box Edit\;;."/>
    <property name="java.vm.info" value="mixed mode, sharing"/>
    <property name="java.vendor" value="Oracle Corporation"/>
    <property name="java.vm.version" value="17+35-2724"/>
    <property name="https.protocols" value="TLSv1.2,TLSv1.3"/>
    <property name="sun.io.unicode.encoding" value="UnicodeLittle"/>
    <property name="org.bouncycastle.fips.approved_only" value="true"/>
    <property name="java.class.version" value="61.0"/>
    <property name="LOGGED_APPLICATION_NAME" value="[IZ Gateway 2.0] "/>
  </properties>
  <testcase name="testLogEvents" classname="gov.cdc.izgateway.ApplicationTests" time="0.728">
    <system-out><![CDATA[17:12:36.180 [main] INFO org.springframework.test.context.support.AnnotationConfigContextLoaderUtils -- Could not detect default configuration classes for test class [gov.cdc.izgateway.ApplicationTests]: ApplicationTests does not declare any static, non-private, non-final, nested classes annotated with @Configuration.
17:12:36.361 [main] INFO org.springframework.boot.test.context.SpringBootTestContextBootstrapper -- Found @SpringBootConfiguration gov.cdc.izgateway.Application for test class gov.cdc.izgateway.ApplicationTests
17:12:36.704 [main] INFO gov.cdc.izgateway.ApplicationTests -- Started
17:12:36.753 [IZ Gateway] ERROR gov.cdc.izgateway.utils.UtilizationService -- Unable to make public long com.sun.management.internal.OperatingSystemImpl.getProcessCpuTime() accessible: module jdk.management does not "opens com.sun.management.internal" to unnamed module @5e955596
17:12:36.755 [IZ Gateway] ERROR gov.cdc.izgateway.utils.UtilizationService -- Unable to make public double com.sun.management.internal.OperatingSystemImpl.getProcessCpuLoad() accessible: module jdk.management does not "opens com.sun.management.internal" to unnamed module @5e955596
{"@timestamp":"2024-05-03T17:12:38.5219075-04:00","@version":"1","message":"Starting ApplicationTests using Java 17 with PID 39796 (started by boonek in C:\\Users\\boonek\\git\\izgateway\\izgw-hub)","logger_name":"gov.cdc.izgateway.ApplicationTests","thread_name":"IZ Gateway","level":"INFO","level_value":20000,"eventId":"1367958402000.1","sessionId":"0"}
{"@timestamp":"2024-05-03T17:12:38.5334342-04:00","@version":"1","message":"No active profile set, falling back to 1 default profile: \"default\"","logger_name":"gov.cdc.izgateway.ApplicationTests","thread_name":"IZ Gateway","level":"INFO","level_value":20000,"eventId":"1367958402000.1","sessionId":"0"}
{"@timestamp":"2024-05-03T17:12:38.5344341-04:00","@version":"1","message":"Loading source class gov.cdc.izgateway.Application","logger_name":"org.springframework.boot.SpringApplication","thread_name":"IZ Gateway","level":"DEBUG","level_value":10000,"eventId":"1367958402000.1","sessionId":"0"}
{"@timestamp":"2024-05-03T17:12:38.5505938-04:00","@version":"1","message":"Refreshing org.springframework.boot.web.servlet.context.AnnotationConfigServletWebServerApplicationContext@6fcc0a1","logger_name":"org.springframework.boot.web.servlet.context.AnnotationConfigServletWebServerApplicationContext","thread_name":"IZ Gateway","level":"DEBUG","level_value":10000,"eventId":"1367958402000.1","sessionId":"0"}
{"@timestamp":"2024-05-03T17:12:40.8921724-04:00","@version":"1","message":"Initializing Data Source: jdbc:h2:mem:db;DB_CLOSE_DELAY=-1","logger_name":"gov.cdc.izgateway.Application","thread_name":"IZ Gateway","level":"INFO","level_value":20000,"eventId":"1367958402000.1","sessionId":"0"}
{"@timestamp":"2024-05-03T17:12:40.895615-04:00","@version":"1","message":"Database initialized","logger_name":"gov.cdc.izgateway.Application","thread_name":"IZ Gateway","level":"INFO","level_value":20000,"eventId":"1367958402000.1","sessionId":"0"}
{"@timestamp":"2024-05-03T17:12:43.2967467-04:00","@version":"1","message":"drop table if exists accesscontrol cascade ","logger_name":"org.hibernate.SQL","thread_name":"IZ Gateway","level":"DEBUG","level_value":10000,"eventId":"1367958402000.1","sessionId":"0"}
{"@timestamp":"2024-05-03T17:12:43.2997478-04:00","@version":"1","message":"drop table if exists certificatestatus cascade ","logger_name":"org.hibernate.SQL","thread_name":"IZ Gateway","level":"DEBUG","level_value":10000,"eventId":"1367958402000.1","sessionId":"0"}
{"@timestamp":"2024-05-03T17:12:43.3007469-04:00","@version":"1","message":"drop table if exists destinations cascade ","logger_name":"org.hibernate.SQL","thread_name":"IZ Gateway","level":"DEBUG","level_value":10000,"eventId":"1367958402000.1","sessionId":"0"}
{"@timestamp":"2024-05-03T17:12:43.3007469-04:00","@version":"1","message":"drop table if exists jurisdiction cascade ","logger_name":"org.hibernate.SQL","thread_name":"IZ Gateway","level":"DEBUG","level_value":10000,"eventId":"1367958402000.1","sessionId":"0"}
{"@timestamp":"2024-05-03T17:12:43.3007469-04:00","@version":"1","message":"drop table if exists messageheaderinfo cascade ","logger_name":"org.hibernate.SQL","thread_name":"IZ Gateway","level":"DEBUG","level_value":10000,"eventId":"1367958402000.1","sessionId":"0"}
{"@timestamp":"2024-05-03T17:12:43.3058442-04:00","@version":"1","message":"create table accesscontrol (allow boolean, category varchar(255) not null, member varchar(255) not null, name varchar(255) not null, primary key (category, member, name))","logger_name":"org.hibernate.SQL","thread_name":"IZ Gateway","level":"DEBUG","level_value":10000,"eventId":"1367958402000.1","sessionId":"0"}
{"@timestamp":"2024-05-03T17:12:43.3139029-04:00","@version":"1","message":"create table certificatestatus (last_checked_timestamp timestamp(6), next_check_timestamp timestamp(6), certificate_cn varchar(128) not null unique, certificate_id varchar(128) not null, cert_serial_number varchar(255) not null, last_check_status varchar(255), primary key (certificate_id))","logger_name":"org.hibernate.SQL","thread_name":"IZ Gateway","level":"DEBUG","level_value":10000,"eventId":"1367958402000.1","sessionId":"0"}
{"@timestamp":"2024-05-03T17:12:43.3159033-04:00","@version":"1","message":"create table destinations (dest_type integer not null, jurisdiction_id integer, maint_end timestamp(6), maint_start timestamp(6), MSH22 varchar(255), MSH3 varchar(255), MSH4 varchar(255), MSH5 varchar(255), MSH6 varchar(255), RXA11 varchar(255), dest_id varchar(255) not null, dest_uri varchar(255), dest_version varchar(255), facility_id varchar(255), maint_reason varchar(255), password varchar(255), username varchar(255), primary key (dest_type, dest_id))","logger_name":"org.hibernate.SQL","thread_name":"IZ Gateway","level":"DEBUG","level_value":10000,"eventId":"1367958402000.1","sessionId":"0"}
{"@timestamp":"2024-05-03T17:12:43.3179023-04:00","@version":"1","message":"create table jurisdiction (jurisdiction_id integer not null, description varchar(255), dest_prefix varchar(255), name varchar(255), primary key (jurisdiction_id))","logger_name":"org.hibernate.SQL","thread_name":"IZ Gateway","level":"DEBUG","level_value":10000,"eventId":"1367958402000.1","sessionId":"0"}
{"@timestamp":"2024-05-03T17:12:43.3189057-04:00","@version":"1","message":"create table messageheaderinfo (dest_id varchar(255), facility_id varchar(255), iis varchar(255), msh varchar(255) not null, password varchar(255), sourceType varchar(255), username varchar(255), primary key (msh))","logger_name":"org.hibernate.SQL","thread_name":"IZ Gateway","level":"DEBUG","level_value":10000,"eventId":"1367958402000.1","sessionId":"0"}
{"@timestamp":"2024-05-03T17:12:43.8419969-04:00","@version":"1","message":"PropertySource 'systemEnvironment' does not contain property 'security.ssl-path', but found equivalent 'SECURITY.SSL-PATH'","logger_name":"org.springframework.boot.env.SystemEnvironmentPropertySourceEnvironmentPostProcessor$OriginAwareSystemEnvironmentPropertySource","thread_name":"IZ Gateway","level":"DEBUG","level_value":10000,"eventId":"1367958402000.1","sessionId":"0"}
{"@timestamp":"2024-05-03T17:12:43.8429951-04:00","@version":"1","message":"Found key 'COMMON_PASS' in PropertySource 'systemEnvironment' with value of type String","logger_name":"org.springframework.boot.context.properties.source.ConfigurationPropertySourcesPropertyResolver$DefaultResolver","thread_name":"IZ Gateway","level":"DEBUG","level_value":10000,"eventId":"1367958402000.1","sessionId":"0"}
{"@timestamp":"2024-05-03T17:12:43.8439918-04:00","@version":"1","message":"PropertySource 'systemEnvironment' does not contain property 'security.ssl-path', but found equivalent 'SECURITY.SSL-PATH'","logger_name":"org.springframework.boot.env.SystemEnvironmentPropertySourceEnvironmentPostProcessor$OriginAwareSystemEnvironmentPropertySource","thread_name":"IZ Gateway","level":"DEBUG","level_value":10000,"eventId":"1367958402000.1","sessionId":"0"}
{"@timestamp":"2024-05-03T17:12:43.8449942-04:00","@version":"1","message":"Found key 'COMMON_PASS' in PropertySource 'systemEnvironment' with value of type String","logger_name":"org.springframework.boot.context.properties.source.ConfigurationPropertySourcesPropertyResolver$DefaultResolver","thread_name":"IZ Gateway","level":"DEBUG","level_value":10000,"eventId":"1367958402000.1","sessionId":"0"}
{"@timestamp":"2024-05-03T17:12:43.8847568-04:00","@version":"1","message":"Configuring embedded Tomcat","logger_name":"gov.cdc.izgateway.common.ContainerCustomizer","thread_name":"IZ Gateway","level":"INFO","level_value":20000,"eventId":"1367958402000.1","sessionId":"0"}
{"@timestamp":"2024-05-03T17:12:43.9252956-04:00","@version":"1","message":"Initializing Tomcat","logger_name":"gov.cdc.izgateway.Application","thread_name":"IZ Gateway","level":"INFO","level_value":20000,"eventId":"1367958402000.1","sessionId":"0"}
{"@timestamp":"2024-05-03T17:12:44.1085902-04:00","@version":"1","message":"select ac1_0.category,ac1_0.member,ac1_0.name,ac1_0.allow from accesscontrol ac1_0","logger_name":"org.hibernate.SQL","thread_name":"pool-3-thread-1","level":"DEBUG","level_value":10000}
{"@timestamp":"2024-05-03T17:12:44.4256803-04:00","@version":"1","message":"Tomcat initialized with ports 0 (https), 9081 (http)","logger_name":"org.springframework.boot.web.embedded.tomcat.TomcatWebServer","thread_name":"IZ Gateway","level":"INFO","level_value":20000,"eventId":"1367958402000.1","sessionId":"0"}
{"@timestamp":"2024-05-03T17:12:44.5358147-04:00","@version":"1","message":"Published root WebApplicationContext as ServletContext attribute with name [org.springframework.web.context.WebApplicationContext.ROOT]","logger_name":"org.springframework.boot.web.servlet.context.ServletWebServerApplicationContext","thread_name":"IZ Gateway","level":"DEBUG","level_value":10000,"eventId":"1367958402000.1","sessionId":"0"}
{"@timestamp":"2024-05-03T17:12:44.5358147-04:00","@version":"1","message":"Root WebApplicationContext: initialization completed in 5985 ms","logger_name":"org.springframework.boot.web.servlet.context.ServletWebServerApplicationContext","thread_name":"IZ Gateway","level":"INFO","level_value":20000,"eventId":"1367958402000.1","sessionId":"0"}
{"@timestamp":"2024-05-03T17:12:44.5683481-04:00","@version":"1","message":"Mapping filters: springSecurityFilterChain urls=[/*] order=-100, characterEncodingFilter urls=[/*] order=-2147483648, formContentFilter urls=[/*] order=-9900, requestContextFilter urls=[/*] order=-105","logger_name":"org.springframework.boot.web.servlet.ServletContextInitializerBeans","thread_name":"IZ Gateway","level":"DEBUG","level_value":10000,"eventId":"1367958402000.1","sessionId":"0"}
{"@timestamp":"2024-05-03T17:12:44.5686036-04:00","@version":"1","message":"Mapping servlets: dispatcherServlet urls=[/]","logger_name":"org.springframework.boot.web.servlet.ServletContextInitializerBeans","thread_name":"IZ Gateway","level":"DEBUG","level_value":10000,"eventId":"1367958402000.1","sessionId":"0"}
{"@timestamp":"2024-05-03T17:12:44.5816074-04:00","@version":"1","message":"Filter 'requestContextFilter' configured for use","logger_name":"org.springframework.boot.web.servlet.filter.OrderedRequestContextFilter","thread_name":"IZ Gateway","level":"DEBUG","level_value":10000,"eventId":"1367958402000.1","sessionId":"0"}
{"@timestamp":"2024-05-03T17:12:44.5846082-04:00","@version":"1","message":"Filter 'characterEncodingFilter' configured for use","logger_name":"org.springframework.boot.web.servlet.filter.OrderedCharacterEncodingFilter","thread_name":"IZ Gateway","level":"DEBUG","level_value":10000,"eventId":"1367958402000.1","sessionId":"0"}
{"@timestamp":"2024-05-03T17:12:44.5856085-04:00","@version":"1","message":"Filter 'springSecurityFilterChain' configured for use","logger_name":"org.springframework.boot.web.servlet.DelegatingFilterProxyRegistrationBean$1","thread_name":"IZ Gateway","level":"DEBUG","level_value":10000,"eventId":"1367958402000.1","sessionId":"0"}
{"@timestamp":"2024-05-03T17:12:44.5856085-04:00","@version":"1","message":"Filter 'formContentFilter' configured for use","logger_name":"org.springframework.boot.web.servlet.filter.OrderedFormContentFilter","thread_name":"IZ Gateway","level":"DEBUG","level_value":10000,"eventId":"1367958402000.1","sessionId":"0"}
{"@timestamp":"2024-05-03T17:12:44.5947819-04:00","@version":"1","message":"Tomcat initialized","logger_name":"gov.cdc.izgateway.Application","thread_name":"IZ Gateway","level":"INFO","level_value":20000,"eventId":"1367958402000.1","sessionId":"0"}
{"@timestamp":"2024-05-03T17:12:44.6510708-04:00","@version":"1","message":"Found key 'ads.max-message-size-GB' in PropertySource 'Config resource 'class path resource [application.yml]' via location 'optional:classpath:/'' with value of type Integer","logger_name":"org.springframework.boot.context.properties.source.ConfigurationPropertySourcesPropertyResolver$DefaultResolver","thread_name":"IZ Gateway","level":"DEBUG","level_value":10000,"eventId":"1367958402000.1","sessionId":"0"}
{"@timestamp":"2024-05-03T17:12:44.6567564-04:00","@version":"1","message":"PropertySource 'systemEnvironment' does not contain property 'security.ssl-path', but found equivalent 'SECURITY.SSL-PATH'","logger_name":"org.springframework.boot.env.SystemEnvironmentPropertySourceEnvironmentPostProcessor$OriginAwareSystemEnvironmentPropertySource","thread_name":"IZ Gateway","level":"DEBUG","level_value":10000,"eventId":"1367958402000.1","sessionId":"0"}
{"@timestamp":"2024-05-03T17:12:44.6577569-04:00","@version":"1","message":"Found key 'COMMON_PASS' in PropertySource 'systemEnvironment' with value of type String","logger_name":"org.springframework.boot.context.properties.source.ConfigurationPropertySourcesPropertyResolver$DefaultResolver","thread_name":"IZ Gateway","level":"DEBUG","level_value":10000,"eventId":"1367958402000.1","sessionId":"0"}
{"@timestamp":"2024-05-03T17:12:44.6597506-04:00","@version":"1","message":"PropertySource 'systemEnvironment' does not contain property 'security.ssl-path', but found equivalent 'SECURITY.SSL-PATH'","logger_name":"org.springframework.boot.env.SystemEnvironmentPropertySourceEnvironmentPostProcessor$OriginAwareSystemEnvironmentPropertySource","thread_name":"IZ Gateway","level":"DEBUG","level_value":10000,"eventId":"1367958402000.1","sessionId":"0"}
{"@timestamp":"2024-05-03T17:12:44.6603196-04:00","@version":"1","message":"Found key 'COMMON_PASS' in PropertySource 'systemEnvironment' with value of type String","logger_name":"org.springframework.boot.context.properties.source.ConfigurationPropertySourcesPropertyResolver$DefaultResolver","thread_name":"IZ Gateway","level":"DEBUG","level_value":10000,"eventId":"1367958402000.1","sessionId":"0"}
{"@timestamp":"2024-05-03T17:12:45.0411458-04:00","@version":"1","message":"Valid Certificate found for dev.izgateway.org","logger_name":"gov.cdc.izgateway.security.ClientTlsSupport","thread_name":"IZ Gateway","level":"INFO","level_value":20000,"eventId":"1367958402000.1","sessionId":"0"}
{"@timestamp":"2024-05-03T17:12:45.0411458-04:00","@version":"1","message":"Client Hostname set to dev.izgateway.org","logger_name":"gov.cdc.izgateway.security.ClientTlsSupport","thread_name":"IZ Gateway","level":"INFO","level_value":20000,"eventId":"1367958402000.1","sessionId":"0"}
{"@timestamp":"2024-05-03T17:12:45.4589741-04:00","@version":"1","message":"Found key 'PHIZ_MODE' in PropertySource 'systemEnvironment' with value of type String","logger_name":"org.springframework.boot.context.properties.source.ConfigurationPropertySourcesPropertyResolver$DefaultResolver","thread_name":"IZ Gateway","level":"DEBUG","level_value":10000,"eventId":"1367958402000.1","sessionId":"0"}
{"@timestamp":"2024-05-03T17:12:45.4722966-04:00","@version":"1","message":"PATCH updated in HttpURLConnection","logger_name":"gov.cdc.izgateway.ads.DEXStorageSender","thread_name":"IZ Gateway","level":"INFO","level_value":20000,"eventId":"1367958402000.1","sessionId":"0"}
{"@timestamp":"2024-05-03T17:12:45.7790913-04:00","@version":"1","message":"Found key 'PHIZ_MODE' in PropertySource 'systemEnvironment' with value of type String","logger_name":"org.springframework.boot.context.properties.source.ConfigurationPropertySourcesPropertyResolver$DefaultResolver","thread_name":"IZ Gateway","level":"DEBUG","level_value":10000,"eventId":"1367958402000.1","sessionId":"0"}
{"@timestamp":"2024-05-03T17:12:45.8583228-04:00","@version":"1","message":"Found key 'PHIZ_MODE' in PropertySource 'systemEnvironment' with value of type String","logger_name":"org.springframework.boot.context.properties.source.ConfigurationPropertySourcesPropertyResolver$DefaultResolver","thread_name":"IZ Gateway","level":"DEBUG","level_value":10000,"eventId":"1367958402000.1","sessionId":"0"}
{"@timestamp":"2024-05-03T17:12:45.8653296-04:00","@version":"1","message":"Found key 'PHIZ_MODE' in PropertySource 'systemEnvironment' with value of type String","logger_name":"org.springframework.boot.context.properties.source.ConfigurationPropertySourcesPropertyResolver$DefaultResolver","thread_name":"IZ Gateway","level":"DEBUG","level_value":10000,"eventId":"1367958402000.1","sessionId":"0"}
{"@timestamp":"2024-05-03T17:12:45.8683291-04:00","@version":"1","message":"Found key 'PHIZ_MODE' in PropertySource 'systemEnvironment' with value of type String","logger_name":"org.springframework.boot.context.properties.source.ConfigurationPropertySourcesPropertyResolver$DefaultResolver","thread_name":"IZ Gateway","level":"DEBUG","level_value":10000,"eventId":"1367958402000.1","sessionId":"0"}
{"@timestamp":"2024-05-03T17:12:45.8746667-04:00","@version":"1","message":"select d1_0.dest_id,d1_0.dest_type,d1_0.dest_uri,d1_0.dest_version,d1_0.facility_id,d1_0.jurisdiction_id,d1_0.maint_end,d1_0.maint_reason,d1_0.maint_start,d1_0.MSH22,d1_0.MSH3,d1_0.MSH4,d1_0.MSH5,d1_0.MSH6,d1_0.password,d1_0.RXA11,d1_0.username from destinations d1_0","logger_name":"org.hibernate.SQL","thread_name":"pool-4-thread-1","level":"DEBUG","level_value":10000}
{"@timestamp":"2024-05-03T17:12:45.8941084-04:00","@version":"1","message":"select mh1_0.msh,mh1_0.dest_id,mh1_0.facility_id,mh1_0.iis,mh1_0.password,mh1_0.sourceType,mh1_0.username from messageheaderinfo mh1_0","logger_name":"org.hibernate.SQL","thread_name":"pool-5-thread-1","level":"DEBUG","level_value":10000}
{"@timestamp":"2024-05-03T17:12:46.5405755-04:00","@version":"1","message":"Tomcat started on ports 49405 (https), 9081 (http) with context path ''","logger_name":"org.springframework.boot.web.embedded.tomcat.TomcatWebServer","thread_name":"IZ Gateway","level":"INFO","level_value":20000,"eventId":"1367958402000.1","sessionId":"0"}
{"@timestamp":"2024-05-03T17:12:46.5598687-04:00","@version":"1","message":"\r\n\r\n\r\n============================\r\nCONDITIONS EVALUATION REPORT\r\n============================\r\n\r\n\r\nPositive matches:\r\n-----------------\r\n\r\n   AopAutoConfiguration matched:\r\n      - @ConditionalOnProperty (spring.aop.auto=true) matched (OnPropertyCondition)\r\n\r\n   AopAutoConfiguration.ClassProxyingConfiguration matched:\r\n      - @ConditionalOnMissingClass did not find unwanted class 'org.aspectj.weaver.Advice' (OnClassCondition)\r\n      - @ConditionalOnProperty (spring.aop.proxy-target-class=true) matched (OnPropertyCondition)\r\n\r\n   ApplicationAvailabilityAutoConfiguration#applicationAvailability matched:\r\n      - @ConditionalOnMissingBean (types: org.springframework.boot.availability.ApplicationAvailability; SearchStrategy: all) did not find any beans (OnBeanCondition)\r\n\r\n   ClientHttpConnectorAutoConfiguration matched:\r\n      - @ConditionalOnClass found required class 'org.springframework.web.reactive.function.client.WebClient' (OnClassCondition)\r\n\r\n   ClientHttpConnectorAutoConfiguration#webClientHttpConnector matched:\r\n      - @ConditionalOnMissingBean (types: org.springframework.http.client.reactive.ClientHttpConnector; SearchStrategy: all) did not find any beans (OnBeanCondition)\r\n\r\n   ClientHttpConnectorAutoConfiguration#webClientHttpConnectorCustomizer matched:\r\n      - @ConditionalOnBean (types: org.springframework.http.client.reactive.ClientHttpConnector; SearchStrategy: all) found bean 'webClientHttpConnector' (OnBeanCondition)\r\n\r\n   ClientHttpConnectorFactoryConfiguration.JdkClient matched:\r\n      - @ConditionalOnClass found required class 'java.net.http.HttpClient' (OnClassCondition)\r\n      - @ConditionalOnMissingBean (types: org.springframework.boot.autoconfigure.web.reactive.function.client.ClientHttpConnectorFactory; SearchStrategy: all) did not find any beans (OnBeanCondition)\r\n\r\n   CodecsAutoConfiguration matched:\r\n      - @ConditionalOnClass found required classes 'org.springframework.http.codec.CodecConfigurer', 'org.springframework.web.reactive.function.client.WebClient' (OnClassCondition)\r\n\r\n   CodecsAutoConfiguration.JacksonCodecConfiguration matched:\r\n      - @ConditionalOnClass found required class 'com.fasterxml.jackson.databind.ObjectMapper' (OnClassCondition)\r\n\r\n   CodecsAutoConfiguration.JacksonCodecConfiguration#jacksonCodecCustomizer matched:\r\n      - @ConditionalOnBean (types: com.fasterxml.jackson.databind.ObjectMapper; SearchStrategy: all) found bean 'getObjectMapper' (OnBeanCondition)\r\n\r\n   DataSourceAutoConfiguration matched:\r\n      - @ConditionalOnClass found required classes 'javax.sql.DataSource', 'org.springframework.jdbc.datasource.embedded.EmbeddedDatabaseType' (OnClassCondition)\r\n      - @ConditionalOnMissingBean (types: io.r2dbc.spi.ConnectionFactory; SearchStrategy: all) did not find any beans (OnBeanCondition)\r\n\r\n   DataSourceConfiguration.Hikari matched:\r\n      - @ConditionalOnClass found required class 'com.zaxxer.hikari.HikariDataSource' (OnClassCondition)\r\n      - @ConditionalOnProperty (spring.datasource.type=com.zaxxer.hikari.HikariDataSource) matched (OnPropertyCondition)\r\n\r\n   DataSourceInitializationConfiguration matched:\r\n      - @ConditionalOnClass found required class 'org.springframework.jdbc.datasource.init.DatabasePopulator' (OnClassCondition)\r\n      - @ConditionalOnSingleCandidate (types: javax.sql.DataSource; SearchStrategy: all) found a single bean 'dataSource'; @ConditionalOnMissingBean (types: org.springframework.boot.autoconfigure.sql.init.SqlDataSourceScriptDatabaseInitializer,org.springframework.boot.autoconfigure.sql.init.SqlR2dbcScriptDatabaseInitializer; SearchStrategy: all) did not find any beans (OnBeanCondition)\r\n\r\n   DataSourcePoolMetadataProvidersConfiguration.HikariPoolDataSourceMetadataProviderConfiguration matched:\r\n      - @ConditionalOnClass found required class 'com.zaxxer.hikari.HikariDataSource' (OnClassCondition)\r\n\r\n   DataSourceTransactionManagerAutoConfiguration matched:\r\n      - @ConditionalOnClass found required classes 'org.springframework.jdbc.core.JdbcTemplate', 'org.springframework.transaction.TransactionManager' (OnClassCondition)\r\n\r\n   DataSourceTransactionManagerAutoConfiguration.JdbcTransactionManagerConfiguration matched:\r\n      - @ConditionalOnSingleCandidate (types: javax.sql.DataSource; SearchStrategy: all) found a single bean 'dataSource' (OnBeanCondition)\r\n\r\n   DispatcherServletAutoConfiguration matched:\r\n      - @ConditionalOnClass found required class 'org.springframework.web.servlet.DispatcherServlet' (OnClassCondition)\r\n      - found 'session' scope (OnWebApplicationCondition)\r\n\r\n   DispatcherServletAutoConfiguration.DispatcherServletConfiguration matched:\r\n      - @ConditionalOnClass found required class 'jakarta.servlet.ServletRegistration' (OnClassCondition)\r\n      - Default DispatcherServlet did not find dispatcher servlet beans (DispatcherServletAutoConfiguration.DefaultDispatcherServletCondition)\r\n\r\n   DispatcherServletAutoConfiguration.DispatcherServletRegistrationConfiguration matched:\r\n      - @ConditionalOnClass found required class 'jakarta.servlet.ServletRegistration' (OnClassCondition)\r\n      - DispatcherServlet Registration did not find servlet registration bean (DispatcherServletAutoConfiguration.DispatcherServletRegistrationCondition)\r\n\r\n   DispatcherServletAutoConfiguration.DispatcherServletRegistrationConfiguration#dispatcherServletRegistration matched:\r\n      - @ConditionalOnBean (names: dispatcherServlet types: org.springframework.web.servlet.DispatcherServlet; SearchStrategy: all) found bean 'dispatcherServlet' (OnBeanCondition)\r\n\r\n   EmbeddedWebServerFactoryCustomizerAutoConfiguration matched:\r\n      - @ConditionalOnWebApplication (required) found 'session' scope (OnWebApplicationCondition)\r\n      - @ConditionalOnWarDeployment the application is not deployed as a WAR file. (OnWarDeploymentCondition)\r\n\r\n   EmbeddedWebServerFactoryCustomizerAutoConfiguration.TomcatWebServerFactoryCustomizerConfiguration matched:\r\n      - @ConditionalOnClass found required classes 'org.apache.catalina.startup.Tomcat', 'org.apache.coyote.UpgradeProtocol' (OnClassCondition)\r\n\r\n   ErrorMvcAutoConfiguration matched:\r\n      - @ConditionalOnClass found required classes 'jakarta.servlet.Servlet', 'org.springframework.web.servlet.DispatcherServlet' (OnClassCondition)\r\n      - found 'session' scope (OnWebApplicationCondition)\r\n\r\n   ErrorMvcAutoConfiguration#basicErrorController matched:\r\n      - @ConditionalOnMissingBean (types: org.springframework.boot.web.servlet.error.ErrorController; SearchStrategy: current) did not find any beans (OnBeanCondition)\r\n\r\n   ErrorMvcAutoConfiguration#errorAttributes matched:\r\n      - @ConditionalOnMissingBean (types: org.springframework.boot.web.servlet.error.ErrorAttributes; SearchStrategy: current) did not find any beans (OnBeanCondition)\r\n\r\n   ErrorMvcAutoConfiguration.DefaultErrorViewResolverConfiguration#conventionErrorViewResolver matched:\r\n      - @ConditionalOnBean (types: org.springframework.web.servlet.DispatcherServlet; SearchStrategy: all) found bean 'dispatcherServlet'; @ConditionalOnMissingBean (types: org.springframework.boot.autoconfigure.web.servlet.error.ErrorViewResolver; SearchStrategy: all) did not find any beans (OnBeanCondition)\r\n\r\n   ErrorMvcAutoConfiguration.WhitelabelErrorViewConfiguration matched:\r\n      - @ConditionalOnProperty (server.error.whitelabel.enabled) matched (OnPropertyCondition)\r\n      - ErrorTemplate Missing did not find error template view (ErrorMvcAutoConfiguration.ErrorTemplateMissingCondition)\r\n\r\n   ErrorMvcAutoConfiguration.WhitelabelErrorViewConfiguration#beanNameViewResolver matched:\r\n      - @ConditionalOnMissingBean (types: org.springframework.web.servlet.view.BeanNameViewResolver; SearchStrategy: all) did not find any beans (OnBeanCondition)\r\n\r\n   ErrorMvcAutoConfiguration.WhitelabelErrorViewConfiguration#defaultErrorView matched:\r\n      - @ConditionalOnMissingBean (names: error; SearchStrategy: all) did not find any beans (OnBeanCondition)\r\n\r\n   GenericCacheConfiguration matched:\r\n      - Cache org.springframework.boot.autoconfigure.cache.GenericCacheConfiguration automatic cache type (CacheCondition)\r\n\r\n   HibernateJpaAutoConfiguration matched:\r\n      - @ConditionalOnClass found required classes 'org.springframework.orm.jpa.LocalContainerEntityManagerFactoryBean', 'jakarta.persistence.EntityManager', 'org.hibernate.engine.spi.SessionImplementor' (OnClassCondition)\r\n\r\n   HibernateJpaConfiguration matched:\r\n      - @ConditionalOnSingleCandidate (types: javax.sql.DataSource; SearchStrategy: all) found a single bean 'dataSource' (OnBeanCondition)\r\n\r\n   HttpEncodingAutoConfiguration matched:\r\n      - @ConditionalOnClass found required class 'org.springframework.web.filter.CharacterEncodingFilter' (OnClassCondition)\r\n      - found 'session' scope (OnWebApplicationCondition)\r\n      - @ConditionalOnProperty (server.servlet.encoding.enabled) matched (OnPropertyCondition)\r\n\r\n   HttpEncodingAutoConfiguration#characterEncodingFilter matched:\r\n      - @ConditionalOnMissingBean (types: org.springframework.web.filter.CharacterEncodingFilter; SearchStrategy: all) did not find any beans (OnBeanCondition)\r\n\r\n   HttpMessageConvertersAutoConfiguration matched:\r\n      - @ConditionalOnClass found required class 'org.springframework.http.converter.HttpMessageConverter' (OnClassCondition)\r\n      - NoneNestedConditions 0 matched 1 did not; NestedCondition on HttpMessageConvertersAutoConfiguration.NotReactiveWebApplicationCondition.ReactiveWebApplication not a reactive web application (HttpMessageConvertersAutoConfiguration.NotReactiveWebApplicationCondition)\r\n\r\n   HttpMessageConvertersAutoConfiguration#messageConverters matched:\r\n      - @ConditionalOnMissingBean (types: org.springframework.boot.autoconfigure.http.HttpMessageConverters; SearchStrategy: all) did not find any beans (OnBeanCondition)\r\n\r\n   HttpMessageConvertersAutoConfiguration.StringHttpMessageConverterConfiguration matched:\r\n      - @ConditionalOnClass found required class 'org.springframework.http.converter.StringHttpMessageConverter' (OnClassCondition)\r\n\r\n   HttpMessageConvertersAutoConfiguration.StringHttpMessageConverterConfiguration#stringHttpMessageConverter matched:\r\n      - @ConditionalOnMissingBean (types: org.springframework.http.converter.StringHttpMessageConverter; SearchStrategy: all) did not find any beans (OnBeanCondition)\r\n\r\n   JacksonAutoConfiguration matched:\r\n      - @ConditionalOnClass found required class 'com.fasterxml.jackson.databind.ObjectMapper' (OnClassCondition)\r\n\r\n   JacksonAutoConfiguration.Jackson2ObjectMapperBuilderCustomizerConfiguration matched:\r\n      - @ConditionalOnClass found required class 'org.springframework.http.converter.json.Jackson2ObjectMapperBuilder' (OnClassCondition)\r\n\r\n   JacksonAutoConfiguration.JacksonObjectMapperBuilderConfiguration matched:\r\n      - @ConditionalOnClass found required class 'org.springframework.http.converter.json.Jackson2ObjectMapperBuilder' (OnClassCondition)\r\n\r\n   JacksonAutoConfiguration.JacksonObjectMapperBuilderConfiguration#jacksonObjectMapperBuilder matched:\r\n      - @ConditionalOnMissingBean (types: org.springframework.http.converter.json.Jackson2ObjectMapperBuilder; SearchStrategy: all) did not find any beans (OnBeanCondition)\r\n\r\n   JacksonAutoConfiguration.JacksonObjectMapperConfiguration matched:\r\n      - @ConditionalOnClass found required class 'org.springframework.http.converter.json.Jackson2ObjectMapperBuilder' (OnClassCondition)\r\n\r\n   JacksonAutoConfiguration.ParameterNamesModuleConfiguration matched:\r\n      - @ConditionalOnClass found required class 'com.fasterxml.jackson.module.paramnames.ParameterNamesModule' (OnClassCondition)\r\n\r\n   JacksonAutoConfiguration.ParameterNamesModuleConfiguration#parameterNamesModule matched:\r\n      - @ConditionalOnMissingBean (types: com.fasterxml.jackson.module.paramnames.ParameterNamesModule; SearchStrategy: all) did not find any beans (OnBeanCondition)\r\n\r\n   JacksonHttpMessageConvertersConfiguration.MappingJackson2HttpMessageConverterConfiguration matched:\r\n      - @ConditionalOnClass found required class 'com.fasterxml.jackson.databind.ObjectMapper' (OnClassCondition)\r\n      - @ConditionalOnProperty (spring.mvc.converters.preferred-json-mapper=jackson) matched (OnPropertyCondition)\r\n      - @ConditionalOnBean (types: com.fasterxml.jackson.databind.ObjectMapper; SearchStrategy: all) found bean 'getObjectMapper' (OnBeanCondition)\r\n\r\n   JacksonHttpMessageConvertersConfiguration.MappingJackson2HttpMessageConverterConfiguration#mappingJackson2HttpMessageConverter matched:\r\n      - @ConditionalOnMissingBean (types: org.springframework.http.converter.json.MappingJackson2HttpMessageConverter ignored: org.springframework.hateoas.server.mvc.TypeConstrainedMappingJackson2HttpMessageConverter,org.springframework.data.rest.webmvc.alps.AlpsJsonHttpMessageConverter; SearchStrategy: all) did not find any beans (OnBeanCondition)\r\n\r\n   JdbcClientAutoConfiguration matched:\r\n      - @ConditionalOnSingleCandidate (types: org.springframework.jdbc.core.namedparam.NamedParameterJdbcTemplate; SearchStrategy: all) found a single bean 'namedParameterJdbcTemplate'; @ConditionalOnMissingBean (types: org.springframework.jdbc.core.simple.JdbcClient; SearchStrategy: all) did not find any beans (OnBeanCondition)\r\n\r\n   JdbcTemplateAutoConfiguration matched:\r\n      - @ConditionalOnClass found required classes 'javax.sql.DataSource', 'org.springframework.jdbc.core.JdbcTemplate' (OnClassCondition)\r\n      - @ConditionalOnSingleCandidate (types: javax.sql.DataSource; SearchStrategy: all) found a single bean 'dataSource' (OnBeanCondition)\r\n\r\n   JdbcTemplateConfiguration matched:\r\n      - @ConditionalOnMissingBean (types: org.springframework.jdbc.core.JdbcOperations; SearchStrategy: all) did not find any beans (OnBeanCondition)\r\n\r\n   JpaBaseConfiguration#entityManagerFactory matched:\r\n      - @ConditionalOnMissingBean (types: org.springframework.orm.jpa.LocalContainerEntityManagerFactoryBean,jakarta.persistence.EntityManagerFactory; SearchStrategy: all) did not find any beans (OnBeanCondition)\r\n\r\n   JpaBaseConfiguration#entityManagerFactoryBuilder matched:\r\n      - @ConditionalOnMissingBean (types: org.springframework.boot.orm.jpa.EntityManagerFactoryBuilder; SearchStrategy: all) did not find any beans (OnBeanCondition)\r\n\r\n   JpaBaseConfiguration#jpaVendorAdapter matched:\r\n      - @ConditionalOnMissingBean (types: org.springframework.orm.jpa.JpaVendorAdapter; SearchStrategy: all) did not find any beans (OnBeanCondition)\r\n\r\n   JpaBaseConfiguration#transactionManager matched:\r\n      - @ConditionalOnMissingBean (types: org.springframework.transaction.TransactionManager; SearchStrategy: all) did not find any beans (OnBeanCondition)\r\n\r\n   JpaBaseConfiguration.PersistenceManagedTypesConfiguration matched:\r\n      - @ConditionalOnMissingBean (types: org.springframework.orm.jpa.LocalContainerEntityManagerFactoryBean,jakarta.persistence.EntityManagerFactory; SearchStrategy: all) did not find any beans (OnBeanCondition)\r\n\r\n   JpaBaseConfiguration.PersistenceManagedTypesConfiguration#persistenceManagedTypes matched:\r\n      - @ConditionalOnMissingBean (types: org.springframework.orm.jpa.persistenceunit.PersistenceManagedTypes; SearchStrategy: all) did not find any beans (OnBeanCondition)\r\n\r\n   JtaAutoConfiguration matched:\r\n      - @ConditionalOnClass found required class 'jakarta.transaction.Transaction' (OnClassCondition)\r\n      - @ConditionalOnProperty (spring.jta.enabled) matched (OnPropertyCondition)\r\n\r\n   LifecycleAutoConfiguration#defaultLifecycleProcessor matched:\r\n      - @ConditionalOnMissingBean (names: lifecycleProcessor; SearchStrategy: current) did not find any beans (OnBeanCondition)\r\n\r\n   MultipartAutoConfiguration matched:\r\n      - @ConditionalOnClass found required classes 'jakarta.servlet.Servlet', 'org.springframework.web.multipart.support.StandardServletMultipartResolver', 'jakarta.servlet.MultipartConfigElement' (OnClassCondition)\r\n      - found 'session' scope (OnWebApplicationCondition)\r\n      - @ConditionalOnProperty (spring.servlet.multipart.enabled) matched (OnPropertyCondition)\r\n\r\n   MultipartAutoConfiguration#multipartConfigElement matched:\r\n      - @ConditionalOnMissingBean (types: jakarta.servlet.MultipartConfigElement; SearchStrategy: all) did not find any beans (OnBeanCondition)\r\n\r\n   MultipartAutoConfiguration#multipartResolver matched:\r\n      - @ConditionalOnMissingBean (types: org.springframework.web.multipart.MultipartResolver; SearchStrategy: all) did not find any beans (OnBeanCondition)\r\n\r\n   NamedParameterJdbcTemplateConfiguration matched:\r\n      - @ConditionalOnSingleCandidate (types: org.springframework.jdbc.core.JdbcTemplate; SearchStrategy: all) found a single bean 'jdbcTemplate'; @ConditionalOnMissingBean (types: org.springframework.jdbc.core.namedparam.NamedParameterJdbcOperations; SearchStrategy: all) did not find any beans (OnBeanCondition)\r\n\r\n   NoOpCacheConfiguration matched:\r\n      - Cache org.springframework.boot.autoconfigure.cache.NoOpCacheConfiguration automatic cache type (CacheCondition)\r\n\r\n   PersistenceExceptionTranslationAutoConfiguration matched:\r\n      - @ConditionalOnClass found required class 'org.springframework.dao.annotation.PersistenceExceptionTranslationPostProcessor' (OnClassCondition)\r\n\r\n   PersistenceExceptionTranslationAutoConfiguration#persistenceExceptionTranslationPostProcessor matched:\r\n      - @ConditionalOnProperty (spring.dao.exceptiontranslation.enabled) matched (OnPropertyCondition)\r\n      - @ConditionalOnMissingBean (types: org.springframework.dao.annotation.PersistenceExceptionTranslationPostProcessor; SearchStrategy: all) did not find any beans (OnBeanCondition)\r\n\r\n   PropertyPlaceholderAutoConfiguration#propertySourcesPlaceholderConfigurer matched:\r\n      - @ConditionalOnMissingBean (types: org.springframework.context.support.PropertySourcesPlaceholderConfigurer; SearchStrategy: current) did not find any beans (OnBeanCondition)\r\n\r\n   ReactiveSecurityAutoConfiguration matched:\r\n      - @ConditionalOnClass found required classes 'reactor.core.publisher.Flux', 'org.springframework.security.config.annotation.web.reactive.EnableWebFluxSecurity', 'org.springframework.security.web.server.WebFilterChainProxy', 'org.springframework.web.reactive.config.WebFluxConfigurer' (OnClassCondition)\r\n\r\n   ReactorAutoConfiguration matched:\r\n      - @ConditionalOnClass found required class 'reactor.core.publisher.Hooks' (OnClassCondition)\r\n\r\n   RestClientAutoConfiguration matched:\r\n      - @ConditionalOnClass found required class 'org.springframework.web.client.RestClient' (OnClassCondition)\r\n      - NoneNestedConditions 0 matched 1 did not; NestedCondition on NotReactiveWebApplicationCondition.ReactiveWebApplication not a reactive web application (NotReactiveWebApplicationCondition)\r\n\r\n   RestClientAutoConfiguration#httpMessageConvertersRestClientCustomizer matched:\r\n      - @ConditionalOnMissingBean (types: org.springframework.boot.autoconfigure.web.client.HttpMessageConvertersRestClientCustomizer; SearchStrategy: all) did not find any beans (OnBeanCondition)\r\n\r\n   RestClientAutoConfiguration#restClientBuilder matched:\r\n      - @ConditionalOnMissingBean (types: org.springframework.web.client.RestClient$Builder; SearchStrategy: all) did not find any beans (OnBeanCondition)\r\n\r\n   RestClientAutoConfiguration#restClientBuilderConfigurer matched:\r\n      - @ConditionalOnMissingBean (types: org.springframework.boot.autoconfigure.web.client.RestClientBuilderConfigurer; SearchStrategy: all) did not find any beans (OnBeanCondition)\r\n\r\n   RestClientAutoConfiguration#restClientSsl matched:\r\n      - @ConditionalOnBean (types: org.springframework.boot.ssl.SslBundles; SearchStrategy: all) found bean 'sslBundleRegistry'; @ConditionalOnMissingBean (types: org.springframework.boot.autoconfigure.web.client.RestClientSsl; SearchStrategy: all) did not find any beans (OnBeanCondition)\r\n\r\n   RestTemplateAutoConfiguration matched:\r\n      - @ConditionalOnClass found required class 'org.springframework.web.client.RestTemplate' (OnClassCondition)\r\n      - NoneNestedConditions 0 matched 1 did not; NestedCondition on NotReactiveWebApplicationCondition.ReactiveWebApplication not a reactive web application (NotReactiveWebApplicationCondition)\r\n\r\n   RestTemplateAutoConfiguration#restTemplateBuilder matched:\r\n      - @ConditionalOnMissingBean (types: org.springframework.boot.web.client.RestTemplateBuilder; SearchStrategy: all) did not find any beans (OnBeanCondition)\r\n\r\n   SecurityAutoConfiguration matched:\r\n      - @ConditionalOnClass found required class 'org.springframework.security.authentication.DefaultAuthenticationEventPublisher' (OnClassCondition)\r\n\r\n   SecurityAutoConfiguration#authenticationEventPublisher matched:\r\n      - @ConditionalOnMissingBean (types: org.springframework.security.authentication.AuthenticationEventPublisher; SearchStrategy: all) did not find any beans (OnBeanCondition)\r\n\r\n   SecurityFilterAutoConfiguration matched:\r\n      - @ConditionalOnClass found required classes 'org.springframework.security.web.context.AbstractSecurityWebApplicationInitializer', 'org.springframework.security.config.http.SessionCreationPolicy' (OnClassCondition)\r\n      - found 'session' scope (OnWebApplicationCondition)\r\n\r\n   SecurityFilterAutoConfiguration#securityFilterChainRegistration matched:\r\n      - @ConditionalOnBean (names: springSecurityFilterChain; SearchStrategy: all) found bean 'springSecurityFilterChain' (OnBeanCondition)\r\n\r\n   ServletWebServerFactoryAutoConfiguration matched:\r\n      - @ConditionalOnClass found required class 'jakarta.servlet.ServletRequest' (OnClassCondition)\r\n      - found 'session' scope (OnWebApplicationCondition)\r\n\r\n   ServletWebServerFactoryAutoConfiguration#tomcatServletWebServerFactoryCustomizer matched:\r\n      - @ConditionalOnClass found required class 'org.apache.catalina.startup.Tomcat' (OnClassCondition)\r\n\r\n   SimpleCacheConfiguration matched:\r\n      - Cache org.springframework.boot.autoconfigure.cache.SimpleCacheConfiguration automatic cache type (CacheCondition)\r\n\r\n   SpringBootWebSecurityConfiguration matched:\r\n      - found 'session' scope (OnWebApplicationCondition)\r\n\r\n   SpringBootWebSecurityConfiguration.WebSecurityEnablerConfiguration matched:\r\n      - @ConditionalOnClass found required class 'org.springframework.security.config.annotation.web.configuration.EnableWebSecurity' (OnClassCondition)\r\n      - @ConditionalOnMissingBean (names: springSecurityFilterChain; SearchStrategy: all) did not find any beans (OnBeanCondition)\r\n\r\n   SpringDataWebAutoConfiguration matched:\r\n      - @ConditionalOnClass found required classes 'org.springframework.data.web.PageableHandlerMethodArgumentResolver', 'org.springframework.web.servlet.config.annotation.WebMvcConfigurer' (OnClassCondition)\r\n      - found 'session' scope (OnWebApplicationCondition)\r\n      - @ConditionalOnMissingBean (types: org.springframework.data.web.PageableHandlerMethodArgumentResolver; SearchStrategy: all) did not find any beans (OnBeanCondition)\r\n\r\n   SpringDataWebAutoConfiguration#pageableCustomizer matched:\r\n      - @ConditionalOnMissingBean (types: org.springframework.data.web.config.PageableHandlerMethodArgumentResolverCustomizer; SearchStrategy: all) did not find any beans (OnBeanCondition)\r\n\r\n   SpringDataWebAutoConfiguration#sortCustomizer matched:\r\n      - @ConditionalOnMissingBean (types: org.springframework.data.web.config.SortHandlerMethodArgumentResolverCustomizer; SearchStrategy: all) did not find any beans (OnBeanCondition)\r\n\r\n   SpringDocConfigProperties matched:\r\n      - @ConditionalOnProperty (springdoc.api-docs.enabled) matched (OnPropertyCondition)\r\n      - @ConditionalOnBean (types: org.springdoc.core.configuration.SpringDocConfiguration; SearchStrategy: all) found bean 'org.springdoc.core.configuration.SpringDocConfiguration' (OnBeanCondition)\r\n\r\n   SpringDocConfiguration matched:\r\n      - @ConditionalOnWebApplication (required) found 'session' scope (OnWebApplicationCondition)\r\n      - @ConditionalOnProperty (springdoc.api-docs.enabled) matched (OnPropertyCondition)\r\n\r\n   SpringDocConfiguration#fileSupportConverter matched:\r\n      - @ConditionalOnMissingBean (types: org.springdoc.core.converters.FileSupportConverter; SearchStrategy: all) did not find any beans (OnBeanCondition)\r\n\r\n   SpringDocConfiguration#openAPIBuilder matched:\r\n      - @ConditionalOnMissingBean (types: org.springdoc.core.service.OpenAPIService; SearchStrategy: all) did not find any beans (OnBeanCondition)\r\n\r\n   SpringDocConfiguration#operationBuilder matched:\r\n      - @ConditionalOnMissingBean (types: org.springdoc.core.service.OperationService; SearchStrategy: all) did not find any beans (OnBeanCondition)\r\n\r\n   SpringDocConfiguration#parameterBuilder matched:\r\n      - @ConditionalOnMissingBean (types: org.springdoc.core.service.GenericParameterService; SearchStrategy: all) did not find any beans (OnBeanCondition)\r\n\r\n   SpringDocConfiguration#polymorphicModelConverter matched:\r\n      - @ConditionalOnProperty (springdoc.model-converters.polymorphic-converter.enabled) matched (OnPropertyCondition)\r\n      - @ConditionalOnMissingBean (types: org.springdoc.core.converters.PolymorphicModelConverter; SearchStrategy: all) did not find any beans (OnBeanCondition)\r\n\r\n   SpringDocConfiguration#requestBodyBuilder matched:\r\n      - @ConditionalOnMissingBean (types: org.springdoc.core.service.RequestBodyService; SearchStrategy: all) did not find any beans (OnBeanCondition)\r\n\r\n   SpringDocConfiguration#responseSupportConverter matched:\r\n      - @ConditionalOnMissingBean (types: org.springdoc.core.converters.ResponseSupportConverter; SearchStrategy: all) did not find any beans (OnBeanCondition)\r\n\r\n   SpringDocConfiguration#schemaPropertyDeprecatingConverter matched:\r\n      - @ConditionalOnProperty (springdoc.model-converters.deprecating-converter.enabled) matched (OnPropertyCondition)\r\n      - @ConditionalOnMissingBean (types: org.springdoc.core.converters.SchemaPropertyDeprecatingConverter; SearchStrategy: all) did not find any beans (OnBeanCondition)\r\n\r\n   SpringDocConfiguration#securityParser matched:\r\n      - @ConditionalOnMissingBean (types: org.springdoc.core.service.SecurityService; SearchStrategy: all) did not find any beans (OnBeanCondition)\r\n\r\n   SpringDocConfiguration#springDocCustomizers matched:\r\n      - @ConditionalOnMissingBean (types: org.springdoc.core.customizers.SpringDocCustomizers; SearchStrategy: all) did not find any beans (OnBeanCondition)\r\n\r\n   SpringDocConfiguration#springDocProviders matched:\r\n      - @ConditionalOnMissingBean (types: org.springdoc.core.providers.SpringDocProviders; SearchStrategy: all) did not find any beans (OnBeanCondition)\r\n\r\n   SpringDocConfiguration#springdocObjectMapperProvider matched:\r\n      - @ConditionalOnMissingBean (types: org.springdoc.core.providers.ObjectMapperProvider; SearchStrategy: all) did not find any beans (OnBeanCondition)\r\n\r\n   SpringDocConfiguration.QuerydslProvider matched:\r\n      - @ConditionalOnClass found required class 'org.springframework.data.querydsl.binding.QuerydslBindingsFactory' (OnClassCondition)\r\n\r\n   SpringDocConfiguration.QuerydslProvider#queryDslQuerydslPredicateOperationCustomizer matched:\r\n      - @ConditionalOnMissingBean (types: org.springdoc.core.customizers.QuerydslPredicateOperationCustomizer; SearchStrategy: all) did not find any beans (OnBeanCondition)\r\n\r\n   SpringDocConfiguration.SpringDocSpringDataWebPropertiesProvider matched:\r\n      - @ConditionalOnClass found required class 'org.springframework.boot.autoconfigure.data.web.SpringDataWebProperties' (OnClassCondition)\r\n\r\n   SpringDocConfiguration.SpringDocSpringDataWebPropertiesProvider#springDataWebPropertiesProvider matched:\r\n      - @ConditionalOnMissingBean (types: org.springdoc.core.providers.SpringDataWebPropertiesProvider; SearchStrategy: all) did not find any beans (OnBeanCondition)\r\n\r\n   SpringDocConfiguration.SpringDocWebFluxSupportConfiguration matched:\r\n      - @ConditionalOnClass found required class 'reactor.core.publisher.Flux' (OnClassCondition)\r\n\r\n   SpringDocConfiguration.SpringDocWebFluxSupportConfiguration#webFluxSupportConverter matched:\r\n      - @ConditionalOnMissingBean (types: org.springdoc.core.converters.WebFluxSupportConverter; SearchStrategy: all) did not find any beans (OnBeanCondition)\r\n\r\n   SpringDocConfiguration.WebConversionServiceConfiguration matched:\r\n      - @ConditionalOnClass found required class 'org.springframework.boot.autoconfigure.web.format.WebConversionService' (OnClassCondition)\r\n\r\n   SpringDocPageableConfiguration matched:\r\n      - @ConditionalOnClass found required class 'org.springframework.data.domain.Pageable' (OnClassCondition)\r\n      - @ConditionalOnWebApplication (required) found 'session' scope (OnWebApplicationCondition)\r\n      - @ConditionalOnProperty (springdoc.api-docs.enabled) matched (OnPropertyCondition)\r\n      - @ConditionalOnBean (types: org.springdoc.core.configuration.SpringDocConfiguration; SearchStrategy: all) found bean 'org.springdoc.core.configuration.SpringDocConfiguration' (OnBeanCondition)\r\n\r\n   SpringDocPageableConfiguration#delegatingMethodParameterCustomizer matched:\r\n      - @ConditionalOnMissingBean (types: org.springdoc.core.customizers.DelegatingMethodParameterCustomizer; SearchStrategy: all) did not find any beans (OnBeanCondition)\r\n\r\n   SpringDocPageableConfiguration#pageableOpenAPIConverter matched:\r\n      - @ConditionalOnProperty (springdoc.model-converters.pageable-converter.enabled) matched (OnPropertyCondition)\r\n      - @ConditionalOnMissingBean (types: org.springdoc.core.converters.PageableOpenAPIConverter; SearchStrategy: all) did not find any beans (OnBeanCondition)\r\n\r\n   SpringDocSecurityConfiguration matched:\r\n      - @ConditionalOnClass found required class 'org.springframework.security.web.SecurityFilterChain' (OnClassCondition)\r\n      - @ConditionalOnWebApplication (required) found 'session' scope (OnWebApplicationCondition)\r\n      - @ConditionalOnExpression (#{${springdoc.api-docs.enabled:true} and ${springdoc.enable-spring-security:true}}) resulted in true (OnExpressionCondition)\r\n      - @ConditionalOnBean (types: org.springdoc.core.configuration.SpringDocConfiguration; SearchStrategy: all) found bean 'org.springdoc.core.configuration.SpringDocConfiguration' (OnBeanCondition)\r\n\r\n   SpringDocSecurityConfiguration.SpringSecurityLoginEndpointConfiguration matched:\r\n      - @ConditionalOnClass found required class 'jakarta.servlet.Filter' (OnClassCondition)\r\n\r\n   SpringDocSortConfiguration matched:\r\n      - @ConditionalOnClass found required class 'org.springframework.data.domain.Sort' (OnClassCondition)\r\n      - @ConditionalOnWebApplication (required) found 'session' scope (OnWebApplicationCondition)\r\n      - @ConditionalOnProperty (springdoc.api-docs.enabled) matched (OnPropertyCondition)\r\n      - @ConditionalOnBean (types: org.springdoc.core.configuration.SpringDocConfiguration; SearchStrategy: all) found bean 'org.springdoc.core.configuration.SpringDocConfiguration' (OnBeanCondition)\r\n\r\n   SpringDocSortConfiguration#sortOpenAPIConverter matched:\r\n      - @ConditionalOnProperty (springdoc.sort-converter.enabled) matched (OnPropertyCondition)\r\n      - @ConditionalOnMissingBean (types: org.springdoc.core.converters.SortOpenAPIConverter; SearchStrategy: all) did not find any beans (OnBeanCondition)\r\n\r\n   SpringDocUIConfiguration matched:\r\n      - @ConditionalOnWebApplication (required) found 'session' scope (OnWebApplicationCondition)\r\n      - @ConditionalOnBean (types: org.springdoc.core.configuration.SpringDocConfiguration; SearchStrategy: all) found bean 'org.springdoc.core.configuration.SpringDocConfiguration' (OnBeanCondition)\r\n\r\n   SpringDocWebMvcConfiguration matched:\r\n      - found 'session' scope (OnWebApplicationCondition)\r\n      - @ConditionalOnProperty (springdoc.api-docs.enabled) matched (OnPropertyCondition)\r\n      - @ConditionalOnBean (types: org.springdoc.core.configuration.SpringDocConfiguration; SearchStrategy: all) found bean 'org.springdoc.core.configuration.SpringDocConfiguration' (OnBeanCondition)\r\n\r\n   SpringDocWebMvcConfiguration#openApiResource matched:\r\n      - @ConditionalOnExpression (#{(${springdoc.use-management-port:false} == false ) and ${springdoc.enable-default-api-docs:true}}) resulted in true (OnExpressionCondition)\r\n      - @ConditionalOnMissingBean (types: org.springdoc.webmvc.api.OpenApiWebMvcResource; SearchStrategy: all) did not find any beans (OnBeanCondition)\r\n\r\n   SpringDocWebMvcConfiguration#requestBuilder matched:\r\n      - @ConditionalOnMissingBean (types: org.springdoc.webmvc.core.service.RequestService; SearchStrategy: all) did not find any beans (OnBeanCondition)\r\n\r\n   SpringDocWebMvcConfiguration#responseBuilder matched:\r\n      - @ConditionalOnMissingBean (types: org.springdoc.core.service.GenericResponseService; SearchStrategy: all) did not find any beans (OnBeanCondition)\r\n\r\n   SpringDocWebMvcConfiguration#springWebProvider matched:\r\n      - @ConditionalOnMissingBean (types: org.springdoc.core.providers.SpringWebProvider; SearchStrategy: all) did not find any beans (OnBeanCondition)\r\n\r\n   SpringDocWebMvcConfiguration.SpringDocWebMvcRouterConfiguration matched:\r\n      - @ConditionalOnClass found required class 'org.springframework.web.servlet.function.RouterFunction' (OnClassCondition)\r\n\r\n   SpringDocWebMvcConfiguration.SpringDocWebMvcRouterConfiguration#routerFunctionProvider matched:\r\n      - @ConditionalOnMissingBean (types: org.springdoc.webmvc.core.providers.RouterFunctionWebMvcProvider; SearchStrategy: all) did not find any beans (OnBeanCondition)\r\n\r\n   SqlInitializationAutoConfiguration matched:\r\n      - @ConditionalOnProperty (spring.sql.init.enabled) matched (OnPropertyCondition)\r\n      - NoneNestedConditions 0 matched 1 did not; NestedCondition on SqlInitializationAutoConfiguration.SqlInitializationModeCondition.ModeIsNever @ConditionalOnProperty (spring.sql.init.mode=never) found different value in property 'mode' (SqlInitializationAutoConfiguration.SqlInitializationModeCondition)\r\n\r\n   SslAutoConfiguration#sslBundleRegistry matched:\r\n      - @ConditionalOnMissingBean (types: org.springframework.boot.ssl.SslBundleRegistry,org.springframework.boot.ssl.SslBundles; SearchStrategy: all) did not find any beans (OnBeanCondition)\r\n\r\n   org.springdoc.webmvc.ui.SwaggerConfig matched:\r\n      - found 'session' scope (OnWebApplicationCondition)\r\n      - @ConditionalOnProperty (springdoc.swagger-ui.enabled) matched (OnPropertyCondition)\r\n      - @ConditionalOnBean (types: org.springdoc.core.configuration.SpringDocConfiguration; SearchStrategy: all) found bean 'org.springdoc.core.configuration.SpringDocConfiguration' (OnBeanCondition)\r\n\r\n   SwaggerConfig#indexPageTransformer matched:\r\n      - @ConditionalOnMissingBean (types: org.springdoc.webmvc.ui.SwaggerIndexTransformer; SearchStrategy: all) did not find any beans (OnBeanCondition)\r\n\r\n   SwaggerConfig#swaggerConfigResource matched:\r\n      - @ConditionalOnProperty (springdoc.use-management-port=false) matched (OnPropertyCondition)\r\n      - @ConditionalOnMissingBean (types: org.springdoc.webmvc.ui.SwaggerConfigResource; SearchStrategy: all) did not find any beans (OnBeanCondition)\r\n\r\n   SwaggerConfig#swaggerResourceResolver matched:\r\n      - @ConditionalOnMissingBean (types: org.springdoc.webmvc.ui.SwaggerResourceResolver; SearchStrategy: all) did not find any beans (OnBeanCondition)\r\n\r\n   SwaggerConfig#swaggerWebMvcConfigurer matched:\r\n      - @ConditionalOnMissingBean (types: org.springdoc.webmvc.ui.SwaggerWebMvcConfigurer; SearchStrategy: all) did not find any beans (OnBeanCondition)\r\n\r\n   SwaggerConfig#swaggerWelcome matched:\r\n      - @ConditionalOnProperty (springdoc.use-management-port=false) matched (OnPropertyCondition)\r\n      - @ConditionalOnMissingBean (types: org.springdoc.webmvc.ui.SwaggerWelcomeWebMvc; SearchStrategy: all) did not find any beans (OnBeanCondition)\r\n\r\n   SwaggerUiConfigParameters matched:\r\n      - @ConditionalOnProperty (springdoc.swagger-ui.enabled) matched (OnPropertyCondition)\r\n      - @ConditionalOnBean (types: org.springdoc.core.configuration.SpringDocConfiguration; SearchStrategy: all) found bean 'org.springdoc.core.configuration.SpringDocConfiguration' (OnBeanCondition)\r\n\r\n   SwaggerUiConfigProperties matched:\r\n      - @ConditionalOnProperty (springdoc.swagger-ui.enabled) matched (OnPropertyCondition)\r\n      - @ConditionalOnBean (types: org.springdoc.core.configuration.SpringDocConfiguration; SearchStrategy: all) found bean 'org.springdoc.core.configuration.SpringDocConfiguration' (OnBeanCondition)\r\n\r\n   SwaggerUiOAuthProperties matched:\r\n      - @ConditionalOnProperty (springdoc.swagger-ui.enabled) matched (OnPropertyCondition)\r\n      - @ConditionalOnBean (types: org.springdoc.core.configuration.SpringDocConfiguration; SearchStrategy: all) found bean 'org.springdoc.core.configuration.SpringDocConfiguration' (OnBeanCondition)\r\n\r\n   TaskExecutionAutoConfiguration matched:\r\n      - @ConditionalOnClass found required class 'org.springframework.scheduling.concurrent.ThreadPoolTaskExecutor' (OnClassCondition)\r\n\r\n   TaskExecutorConfigurations.SimpleAsyncTaskExecutorBuilderConfiguration#simpleAsyncTaskExecutorBuilder matched:\r\n      - @ConditionalOnMissingBean (types: org.springframework.boot.task.SimpleAsyncTaskExecutorBuilder; SearchStrategy: all) did not find any beans (OnBeanCondition)\r\n      - @ConditionalOnThreading found PLATFORM (OnThreadingCondition)\r\n\r\n   TaskExecutorConfigurations.TaskExecutorBuilderConfiguration#taskExecutorBuilder matched:\r\n      - @ConditionalOnMissingBean (types: org.springframework.boot.task.TaskExecutorBuilder; SearchStrategy: all) did not find any beans (OnBeanCondition)\r\n\r\n   TaskExecutorConfigurations.TaskExecutorConfiguration matched:\r\n      - @ConditionalOnMissingBean (types: java.util.concurrent.Executor; SearchStrategy: all) did not find any beans (OnBeanCondition)\r\n\r\n   TaskExecutorConfigurations.TaskExecutorConfiguration#applicationTaskExecutor matched:\r\n      - @ConditionalOnThreading found PLATFORM (OnThreadingCondition)\r\n\r\n   TaskExecutorConfigurations.ThreadPoolTaskExecutorBuilderConfiguration#threadPoolTaskExecutorBuilder matched:\r\n      - @ConditionalOnMissingBean (types: org.springframework.boot.task.TaskExecutorBuilder,org.springframework.boot.task.ThreadPoolTaskExecutorBuilder; SearchStrategy: all) did not find any beans (OnBeanCondition)\r\n\r\n   TaskSchedulingAutoConfiguration matched:\r\n      - @ConditionalOnClass found required class 'org.springframework.scheduling.concurrent.ThreadPoolTaskScheduler' (OnClassCondition)\r\n\r\n   TaskSchedulingAutoConfiguration#scheduledBeanLazyInitializationExcludeFilter matched:\r\n      - @ConditionalOnBean (names: org.springframework.context.annotation.internalScheduledAnnotationProcessor; SearchStrategy: all) found bean 'org.springframework.context.annotation.internalScheduledAnnotationProcessor' (OnBeanCondition)\r\n\r\n   TaskSchedulingConfigurations.SimpleAsyncTaskSchedulerBuilderConfiguration#simpleAsyncTaskSchedulerBuilder matched:\r\n      - @ConditionalOnMissingBean (types: org.springframework.boot.task.SimpleAsyncTaskSchedulerBuilder; SearchStrategy: all) did not find any beans (OnBeanCondition)\r\n      - @ConditionalOnThreading found PLATFORM (OnThreadingCondition)\r\n\r\n   TaskSchedulingConfigurations.TaskSchedulerBuilderConfiguration#taskSchedulerBuilder matched:\r\n      - @ConditionalOnMissingBean (types: org.springframework.boot.task.TaskSchedulerBuilder; SearchStrategy: all) did not find any beans (OnBeanCondition)\r\n\r\n   TaskSchedulingConfigurations.TaskSchedulerConfiguration matched:\r\n      - @ConditionalOnBean (names: org.springframework.context.annotation.internalScheduledAnnotationProcessor; SearchStrategy: all) found bean 'org.springframework.context.annotation.internalScheduledAnnotationProcessor'; @ConditionalOnMissingBean (types: org.springframework.scheduling.TaskScheduler,java.util.concurrent.ScheduledExecutorService; SearchStrategy: all) did not find any beans (OnBeanCondition)\r\n\r\n   TaskSchedulingConfigurations.TaskSchedulerConfiguration#taskScheduler matched:\r\n      - @ConditionalOnThreading found PLATFORM (OnThreadingCondition)\r\n\r\n   TaskSchedulingConfigurations.ThreadPoolTaskSchedulerBuilderConfiguration#threadPoolTaskSchedulerBuilder matched:\r\n      - @ConditionalOnMissingBean (types: org.springframework.boot.task.TaskSchedulerBuilder,org.springframework.boot.task.ThreadPoolTaskSchedulerBuilder; SearchStrategy: all) did not find any beans (OnBeanCondition)\r\n\r\n   TransactionAutoConfiguration matched:\r\n      - @ConditionalOnClass found required class 'org.springframework.transaction.PlatformTransactionManager' (OnClassCondition)\r\n\r\n   TransactionAutoConfiguration.EnableTransactionManagementConfiguration matched:\r\n      - @ConditionalOnBean (types: org.springframework.transaction.TransactionManager; SearchStrategy: all) found bean 'transactionManager'; @ConditionalOnMissingBean (types: org.springframework.transaction.annotation.AbstractTransactionManagementConfiguration; SearchStrategy: all) did not find any beans (OnBeanCondition)\r\n\r\n   TransactionAutoConfiguration.EnableTransactionManagementConfiguration.CglibAutoProxyConfiguration matched:\r\n      - @ConditionalOnProperty (spring.aop.proxy-target-class=true) matched (OnPropertyCondition)\r\n\r\n   TransactionAutoConfiguration.TransactionTemplateConfiguration matched:\r\n      - @ConditionalOnSingleCandidate (types: org.springframework.transaction.PlatformTransactionManager; SearchStrategy: all) found a single bean 'transactionManager' (OnBeanCondition)\r\n\r\n   TransactionAutoConfiguration.TransactionTemplateConfiguration#transactionTemplate matched:\r\n      - @ConditionalOnMissingBean (types: org.springframework.transaction.support.TransactionOperations; SearchStrategy: all) did not find any beans (OnBeanCondition)\r\n\r\n   TransactionManagerCustomizationAutoConfiguration matched:\r\n      - @ConditionalOnClass found required class 'org.springframework.transaction.PlatformTransactionManager' (OnClassCondition)\r\n\r\n   TransactionManagerCustomizationAutoConfiguration#platformTransactionManagerCustomizers matched:\r\n      - @ConditionalOnMissingBean (types: org.springframework.boot.autoconfigure.transaction.TransactionManagerCustomizers; SearchStrategy: all) did not find any beans (OnBeanCondition)\r\n\r\n   WebClientAutoConfiguration matched:\r\n      - @ConditionalOnClass found required class 'org.springframework.web.reactive.function.client.WebClient' (OnClassCondition)\r\n\r\n   WebClientAutoConfiguration#webClientBuilder matched:\r\n      - @ConditionalOnMissingBean (types: org.springframework.web.reactive.function.client.WebClient$Builder; SearchStrategy: all) did not find any beans (OnBeanCondition)\r\n\r\n   WebClientAutoConfiguration#webClientSsl matched:\r\n      - @ConditionalOnBean (types: org.springframework.boot.ssl.SslBundles; SearchStrategy: all) found bean 'sslBundleRegistry'; @ConditionalOnMissingBean (types: org.springframework.boot.autoconfigure.web.reactive.function.client.WebClientSsl; SearchStrategy: all) did not find any beans (OnBeanCondition)\r\n\r\n   WebClientAutoConfiguration.WebClientCodecsConfiguration matched:\r\n      - @ConditionalOnBean (types: org.springframework.boot.web.codec.CodecCustomizer; SearchStrategy: all) found beans 'jacksonCodecCustomizer', 'defaultCodecCustomizer' (OnBeanCondition)\r\n\r\n   WebClientAutoConfiguration.WebClientCodecsConfiguration#exchangeStrategiesCustomizer matched:\r\n      - @ConditionalOnMissingBean (types: org.springframework.boot.autoconfigure.web.reactive.function.client.WebClientCodecCustomizer; SearchStrategy: all) did not find any beans (OnBeanCondition)\r\n\r\n   WebMvcAutoConfiguration matched:\r\n      - @ConditionalOnClass found required classes 'jakarta.servlet.Servlet', 'org.springframework.web.servlet.DispatcherServlet', 'org.springframework.web.servlet.config.annotation.WebMvcConfigurer' (OnClassCondition)\r\n      - found 'session' scope (OnWebApplicationCondition)\r\n      - @ConditionalOnMissingBean (types: org.springframework.web.servlet.config.annotation.WebMvcConfigurationSupport; SearchStrategy: all) did not find any beans (OnBeanCondition)\r\n\r\n   WebMvcAutoConfiguration#formContentFilter matched:\r\n      - @ConditionalOnProperty (spring.mvc.formcontent.filter.enabled) matched (OnPropertyCondition)\r\n      - @ConditionalOnMissingBean (types: org.springframework.web.filter.FormContentFilter; SearchStrategy: all) did not find any beans (OnBeanCondition)\r\n\r\n   WebMvcAutoConfiguration.EnableWebMvcConfiguration#flashMapManager matched:\r\n      - @ConditionalOnMissingBean (names: flashMapManager; SearchStrategy: all) did not find any beans (OnBeanCondition)\r\n\r\n   WebMvcAutoConfiguration.EnableWebMvcConfiguration#localeResolver matched:\r\n      - @ConditionalOnMissingBean (names: localeResolver; SearchStrategy: all) did not find any beans (OnBeanCondition)\r\n\r\n   WebMvcAutoConfiguration.EnableWebMvcConfiguration#themeResolver matched:\r\n      - @ConditionalOnMissingBean (names: themeResolver; SearchStrategy: all) did not find any beans (OnBeanCondition)\r\n\r\n   WebMvcAutoConfiguration.WebMvcAutoConfigurationAdapter#defaultViewResolver matched:\r\n      - @ConditionalOnMissingBean (types: org.springframework.web.servlet.view.InternalResourceViewResolver; SearchStrategy: all) did not find any beans (OnBeanCondition)\r\n\r\n   WebMvcAutoConfiguration.WebMvcAutoConfigurationAdapter#requestContextFilter matched:\r\n      - @ConditionalOnMissingBean (types: org.springframework.web.context.request.RequestContextListener,org.springframework.web.filter.RequestContextFilter; SearchStrategy: all) did not find any beans (OnBeanCondition)\r\n\r\n   WebMvcAutoConfiguration.WebMvcAutoConfigurationAdapter#viewResolver matched:\r\n      - @ConditionalOnBean (types: org.springframework.web.servlet.ViewResolver; SearchStrategy: all) found beans 'defaultViewResolver', 'beanNameViewResolver', 'mvcViewResolver'; @ConditionalOnMissingBean (names: viewResolver types: org.springframework.web.servlet.view.ContentNegotiatingViewResolver; SearchStrategy: all) did not find any beans (OnBeanCondition)\r\n\r\n\r\nNegative matches:\r\n-----------------\r\n\r\n   ActiveMQAutoConfiguration:\r\n      Did not match:\r\n         - @ConditionalOnClass did not find required class 'jakarta.jms.ConnectionFactory' (OnClassCondition)\r\n\r\n   AopAutoConfiguration.AspectJAutoProxyingConfiguration:\r\n      Did not match:\r\n         - @ConditionalOnClass did not find required class 'org.aspectj.weaver.Advice' (OnClassCondition)\r\n\r\n   ArtemisAutoConfiguration:\r\n      Did not match:\r\n         - @ConditionalOnClass did not find required class 'jakarta.jms.ConnectionFactory' (OnClassCondition)\r\n\r\n   BatchAutoConfiguration:\r\n      Did not match:\r\n         - @ConditionalOnClass did not find required class 'org.springframework.batch.core.launch.JobLauncher' (OnClassCondition)\r\n\r\n   Cache2kCacheConfiguration:\r\n      Did not match:\r\n         - @ConditionalOnClass did not find required class 'org.cache2k.Cache2kBuilder' (OnClassCondition)\r\n\r\n   CacheAutoConfiguration:\r\n      Did not match:\r\n         - @ConditionalOnBean (types: org.springframework.cache.interceptor.CacheAspectSupport; SearchStrategy: all) did not find any beans of type org.springframework.cache.interceptor.CacheAspectSupport (OnBeanCondition)\r\n      Matched:\r\n         - @ConditionalOnClass found required class 'org.springframework.cache.CacheManager' (OnClassCondition)\r\n\r\n   CacheAutoConfiguration.CacheManagerEntityManagerFactoryDependsOnPostProcessor:\r\n      Did not match:\r\n         - Ancestor org.springframework.boot.autoconfigure.cache.CacheAutoConfiguration did not match (ConditionEvaluationReport.AncestorsMatchedCondition)\r\n      Matched:\r\n         - @ConditionalOnClass found required class 'org.springframework.orm.jpa.LocalContainerEntityManagerFactoryBean' (OnClassCondition)\r\n\r\n   CaffeineCacheConfiguration:\r\n      Did not match:\r\n         - @ConditionalOnClass did not find required class 'com.github.benmanes.caffeine.cache.Caffeine' (OnClassCondition)\r\n\r\n   CassandraAutoConfiguration:\r\n      Did not match:\r\n         - @ConditionalOnClass did not find required class 'com.datastax.oss.driver.api.core.CqlSession' (OnClassCondition)\r\n\r\n   CassandraDataAutoConfiguration:\r\n      Did not match:\r\n         - @ConditionalOnClass did not find required class 'com.datastax.oss.driver.api.core.CqlSession' (OnClassCondition)\r\n\r\n   CassandraReactiveDataAutoConfiguration:\r\n      Did not match:\r\n         - @ConditionalOnClass did not find required class 'com.datastax.oss.driver.api.core.CqlSession' (OnClassCondition)\r\n\r\n   CassandraReactiveRepositoriesAutoConfiguration:\r\n      Did not match:\r\n         - @ConditionalOnClass did not find required class 'org.springframework.data.cassandra.ReactiveSession' (OnClassCondition)\r\n\r\n   CassandraRepositoriesAutoConfiguration:\r\n      Did not match:\r\n         - @ConditionalOnClass did not find required class 'com.datastax.oss.driver.api.core.CqlSession' (OnClassCondition)\r\n\r\n   ClientHttpConnectorFactoryConfiguration.HttpClient5:\r\n      Did not match:\r\n         - @ConditionalOnClass did not find required classes 'org.apache.hc.client5.http.impl.async.HttpAsyncClients', 'org.apache.hc.core5.http.nio.AsyncRequestProducer', 'org.apache.hc.core5.reactive.ReactiveResponseConsumer' (OnClassCondition)\r\n\r\n   ClientHttpConnectorFactoryConfiguration.ReactorNetty:\r\n      Did not match:\r\n         - @ConditionalOnClass did not find required class 'reactor.netty.http.client.HttpClient' (OnClassCondition)\r\n\r\n   CouchbaseAutoConfiguration:\r\n      Did not match:\r\n         - @ConditionalOnClass did not find required class 'com.couchbase.client.java.Cluster' (OnClassCondition)\r\n\r\n   CouchbaseCacheConfiguration:\r\n      Did not match:\r\n         - @ConditionalOnClass did not find required class 'com.couchbase.client.java.Cluster' (OnClassCondition)\r\n\r\n   CouchbaseDataAutoConfiguration:\r\n      Did not match:\r\n         - @ConditionalOnClass did not find required class 'com.couchbase.client.java.Bucket' (OnClassCondition)\r\n\r\n   CouchbaseReactiveDataAutoConfiguration:\r\n      Did not match:\r\n         - @ConditionalOnClass did not find required class 'com.couchbase.client.java.Cluster' (OnClassCondition)\r\n\r\n   CouchbaseReactiveRepositoriesAutoConfiguration:\r\n      Did not match:\r\n         - @ConditionalOnClass did not find required class 'com.couchbase.client.java.Cluster' (OnClassCondition)\r\n\r\n   CouchbaseRepositoriesAutoConfiguration:\r\n      Did not match:\r\n         - @ConditionalOnClass did not find required class 'com.couchbase.client.java.Bucket' (OnClassCondition)\r\n\r\n   DataSourceAutoConfiguration.EmbeddedDatabaseConfiguration:\r\n      Did not match:\r\n         - EmbeddedDataSource spring.datasource.url is set (DataSourceAutoConfiguration.EmbeddedDatabaseCondition)\r\n\r\n   DataSourceAutoConfiguration.PooledDataSourceConfiguration:\r\n      Did not match:\r\n         - @ConditionalOnMissingBean (types: javax.sql.DataSource,javax.sql.XADataSource; SearchStrategy: all) found beans of type 'javax.sql.DataSource' dataSource (OnBeanCondition)\r\n      Matched:\r\n         - AnyNestedCondition 1 matched 1 did not; NestedCondition on DataSourceAutoConfiguration.PooledDataSourceCondition.PooledDataSourceAvailable PooledDataSource found supported DataSource; NestedCondition on DataSourceAutoConfiguration.PooledDataSourceCondition.ExplicitType @ConditionalOnProperty (spring.datasource.type) did not find property 'type' (DataSourceAutoConfiguration.PooledDataSourceCondition)\r\n\r\n   DataSourceCheckpointRestoreConfiguration:\r\n      Did not match:\r\n         - @ConditionalOnClass did not find required class 'org.crac.Resource' (OnClassCondition)\r\n\r\n   DataSourceConfiguration.Dbcp2:\r\n      Did not match:\r\n         - @ConditionalOnClass did not find required class 'org.apache.commons.dbcp2.BasicDataSource' (OnClassCondition)\r\n\r\n   DataSourceConfiguration.Generic:\r\n      Did not match:\r\n         - @ConditionalOnProperty (spring.datasource.type) did not find property 'spring.datasource.type' (OnPropertyCondition)\r\n\r\n   DataSourceConfiguration.OracleUcp:\r\n      Did not match:\r\n         - @ConditionalOnClass did not find required classes 'oracle.ucp.jdbc.PoolDataSourceImpl', 'oracle.jdbc.OracleConnection' (OnClassCondition)\r\n\r\n   DataSourceConfiguration.Tomcat:\r\n      Did not match:\r\n         - @ConditionalOnClass did not find required class 'org.apache.tomcat.jdbc.pool.DataSource' (OnClassCondition)\r\n\r\n   DataSourceJmxConfiguration:\r\n      Did not match:\r\n         - @ConditionalOnProperty (spring.jmx.enabled=true) found different value in property 'enabled' (OnPropertyCondition)\r\n\r\n   DataSourcePoolMetadataProvidersConfiguration.CommonsDbcp2PoolDataSourceMetadataProviderConfiguration:\r\n      Did not match:\r\n         - @ConditionalOnClass did not find required class 'org.apache.commons.dbcp2.BasicDataSource' (OnClassCondition)\r\n\r\n   DataSourcePoolMetadataProvidersConfiguration.OracleUcpPoolDataSourceMetadataProviderConfiguration:\r\n      Did not match:\r\n         - @ConditionalOnClass did not find required classes 'oracle.ucp.jdbc.PoolDataSource', 'oracle.jdbc.OracleConnection' (OnClassCondition)\r\n\r\n   DataSourcePoolMetadataProvidersConfiguration.TomcatDataSourcePoolMetadataProviderConfiguration:\r\n      Did not match:\r\n         - @ConditionalOnClass did not find required class 'org.apache.tomcat.jdbc.pool.DataSource' (OnClassCondition)\r\n\r\n   DataSourceTransactionManagerAutoConfiguration.JdbcTransactionManagerConfiguration#transactionManager:\r\n      Did not match:\r\n         - @ConditionalOnMissingBean (types: org.springframework.transaction.TransactionManager; SearchStrategy: all) found beans of type 'org.springframework.transaction.TransactionManager' transactionManager (OnBeanCondition)\r\n\r\n   DispatcherServletAutoConfiguration.DispatcherServletConfiguration#multipartResolver:\r\n      Did not match:\r\n         - @ConditionalOnBean (types: org.springframework.web.multipart.MultipartResolver; SearchStrategy: all) did not find any beans of type org.springframework.web.multipart.MultipartResolver (OnBeanCondition)\r\n\r\n   ElasticsearchClientAutoConfiguration:\r\n      Did not match:\r\n         - @ConditionalOnClass did not find required class 'co.elastic.clients.elasticsearch.ElasticsearchClient' (OnClassCondition)\r\n\r\n   ElasticsearchDataAutoConfiguration:\r\n      Did not match:\r\n         - @ConditionalOnClass did not find required class 'org.springframework.data.elasticsearch.client.elc.ElasticsearchTemplate' (OnClassCondition)\r\n\r\n   ElasticsearchRepositoriesAutoConfiguration:\r\n      Did not match:\r\n         - @ConditionalOnClass did not find required class 'org.springframework.data.elasticsearch.repository.ElasticsearchRepository' (OnClassCondition)\r\n\r\n   ElasticsearchRestClientAutoConfiguration:\r\n      Did not match:\r\n         - @ConditionalOnClass did not find required class 'org.elasticsearch.client.RestClientBuilder' (OnClassCondition)\r\n\r\n   EmbeddedLdapAutoConfiguration:\r\n      Did not match:\r\n         - @ConditionalOnClass did not find required class 'com.unboundid.ldap.listener.InMemoryDirectoryServer' (OnClassCondition)\r\n\r\n   EmbeddedWebServerFactoryCustomizerAutoConfiguration.JettyWebServerFactoryCustomizerConfiguration:\r\n      Did not match:\r\n         - @ConditionalOnClass did not find required classes 'org.eclipse.jetty.server.Server', 'org.eclipse.jetty.util.Loader', 'org.eclipse.jetty.ee10.webapp.WebAppContext' (OnClassCondition)\r\n\r\n   EmbeddedWebServerFactoryCustomizerAutoConfiguration.NettyWebServerFactoryCustomizerConfiguration:\r\n      Did not match:\r\n         - @ConditionalOnClass did not find required class 'reactor.netty.http.server.HttpServer' (OnClassCondition)\r\n\r\n   EmbeddedWebServerFactoryCustomizerAutoConfiguration.TomcatWebServerFactoryCustomizerConfiguration#tomcatVirtualThreadsProtocolHandlerCustomizer:\r\n      Did not match:\r\n         - @ConditionalOnThreading did not find VIRTUAL (OnThreadingCondition)\r\n\r\n   EmbeddedWebServerFactoryCustomizerAutoConfiguration.UndertowWebServerFactoryCustomizerConfiguration:\r\n      Did not match:\r\n         - @ConditionalOnClass did not find required classes 'io.undertow.Undertow', 'org.xnio.SslClientAuthMode' (OnClassCondition)\r\n\r\n   ErrorWebFluxAutoConfiguration:\r\n      Did not match:\r\n         - not a reactive web application (OnWebApplicationCondition)\r\n      Matched:\r\n         - @ConditionalOnClass found required class 'org.springframework.web.reactive.config.WebFluxConfigurer' (OnClassCondition)\r\n\r\n   FlywayAutoConfiguration:\r\n      Did not match:\r\n         - @ConditionalOnClass did not find required class 'org.flywaydb.core.Flyway' (OnClassCondition)\r\n\r\n   FreeMarkerAutoConfiguration:\r\n      Did not match:\r\n         - @ConditionalOnClass did not find required class 'freemarker.template.Configuration' (OnClassCondition)\r\n\r\n   GraphQlAutoConfiguration:\r\n      Did not match:\r\n         - @ConditionalOnClass did not find required class 'graphql.GraphQL' (OnClassCondition)\r\n\r\n   GraphQlQueryByExampleAutoConfiguration:\r\n      Did not match:\r\n         - @ConditionalOnClass did not find required class 'graphql.GraphQL' (OnClassCondition)\r\n\r\n   GraphQlQuerydslAutoConfiguration:\r\n      Did not match:\r\n         - @ConditionalOnClass did not find required class 'com.querydsl.core.Query' (OnClassCondition)\r\n\r\n   GraphQlRSocketAutoConfiguration:\r\n      Did not match:\r\n         - @ConditionalOnClass did not find required class 'graphql.GraphQL' (OnClassCondition)\r\n\r\n   GraphQlReactiveQueryByExampleAutoConfiguration:\r\n      Did not match:\r\n         - @ConditionalOnClass did not find required class 'graphql.GraphQL' (OnClassCondition)\r\n\r\n   GraphQlReactiveQuerydslAutoConfiguration:\r\n      Did not match:\r\n         - @ConditionalOnClass did not find required class 'com.querydsl.core.Query' (OnClassCondition)\r\n\r\n   GraphQlWebFluxAutoConfiguration:\r\n      Did not match:\r\n         - @ConditionalOnClass did not find required class 'graphql.GraphQL' (OnClassCondition)\r\n\r\n   GraphQlWebFluxSecurityAutoConfiguration:\r\n      Did not match:\r\n         - @ConditionalOnClass did not find required class 'graphql.GraphQL' (OnClassCondition)\r\n\r\n   GraphQlWebMvcAutoConfiguration:\r\n      Did not match:\r\n         - @ConditionalOnClass did not find required class 'graphql.GraphQL' (OnClassCondition)\r\n\r\n   GraphQlWebMvcSecurityAutoConfiguration:\r\n      Did not match:\r\n         - @ConditionalOnClass did not find required class 'graphql.GraphQL' (OnClassCondition)\r\n\r\n   GroovyTemplateAutoConfiguration:\r\n      Did not match:\r\n         - @ConditionalOnClass did not find required class 'groovy.text.markup.MarkupTemplateEngine' (OnClassCondition)\r\n\r\n   GsonAutoConfiguration:\r\n      Did not match:\r\n         - @ConditionalOnClass did not find required class 'com.google.gson.Gson' (OnClassCondition)\r\n\r\n   GsonHttpMessageConvertersConfiguration:\r\n      Did not match:\r\n         - @ConditionalOnClass did not find required class 'com.google.gson.Gson' (OnClassCondition)\r\n\r\n   H2ConsoleAutoConfiguration:\r\n      Did not match:\r\n         - @ConditionalOnProperty (spring.h2.console.enabled=true) did not find property 'enabled' (OnPropertyCondition)\r\n      Matched:\r\n         - @ConditionalOnClass found required class 'org.h2.server.web.JakartaWebServlet' (OnClassCondition)\r\n         - found 'session' scope (OnWebApplicationCondition)\r\n\r\n   HazelcastAutoConfiguration:\r\n      Did not match:\r\n         - @ConditionalOnClass did not find required class 'com.hazelcast.core.HazelcastInstance' (OnClassCondition)\r\n\r\n   HazelcastCacheConfiguration:\r\n      Did not match:\r\n         - @ConditionalOnClass did not find required class 'com.hazelcast.core.HazelcastInstance' (OnClassCondition)\r\n\r\n   HazelcastJpaDependencyAutoConfiguration:\r\n      Did not match:\r\n         - @ConditionalOnClass did not find required class 'com.hazelcast.core.HazelcastInstance' (OnClassCondition)\r\n\r\n   HttpHandlerAutoConfiguration:\r\n      Did not match:\r\n         - not a reactive web application (OnWebApplicationCondition)\r\n      Matched:\r\n         - @ConditionalOnClass found required classes 'org.springframework.web.reactive.DispatcherHandler', 'org.springframework.http.server.reactive.HttpHandler' (OnClassCondition)\r\n\r\n   HypermediaAutoConfiguration:\r\n      Did not match:\r\n         - @ConditionalOnClass did not find required class 'org.springframework.hateoas.EntityModel' (OnClassCondition)\r\n\r\n   InfinispanCacheConfiguration:\r\n      Did not match:\r\n         - @ConditionalOnClass did not find required class 'org.infinispan.spring.embedded.provider.SpringEmbeddedCacheManager' (OnClassCondition)\r\n\r\n   InfluxDbAutoConfiguration:\r\n      Did not match:\r\n         - @ConditionalOnClass did not find required class 'org.influxdb.InfluxDB' (OnClassCondition)\r\n\r\n   IntegrationAutoConfiguration:\r\n      Did not match:\r\n         - @ConditionalOnClass did not find required class 'org.springframework.integration.config.EnableIntegration' (OnClassCondition)\r\n\r\n   JCacheCacheConfiguration:\r\n      Did not match:\r\n         - @ConditionalOnClass did not find required class 'javax.cache.Caching' (OnClassCondition)\r\n\r\n   JacksonAutoConfiguration.JacksonObjectMapperConfiguration#jacksonObjectMapper:\r\n      Did not match:\r\n         - @ConditionalOnMissingBean (types: com.fasterxml.jackson.databind.ObjectMapper; SearchStrategy: all) found beans of type 'com.fasterxml.jackson.databind.ObjectMapper' getObjectMapper (OnBeanCondition)\r\n\r\n   JacksonHttpMessageConvertersConfiguration.MappingJackson2XmlHttpMessageConverterConfiguration:\r\n      Did not match:\r\n         - @ConditionalOnClass did not find required class 'com.fasterxml.jackson.dataformat.xml.XmlMapper' (OnClassCondition)\r\n\r\n   JdbcRepositoriesAutoConfiguration:\r\n      Did not match:\r\n         - @ConditionalOnClass did not find required class 'org.springframework.data.jdbc.repository.config.AbstractJdbcConfiguration' (OnClassCondition)\r\n\r\n   JerseyAutoConfiguration:\r\n      Did not match:\r\n         - @ConditionalOnClass did not find required class 'org.glassfish.jersey.server.spring.SpringComponentProvider' (OnClassCondition)\r\n\r\n   JmsAutoConfiguration:\r\n      Did not match:\r\n         - @ConditionalOnClass did not find required class 'jakarta.jms.Message' (OnClassCondition)\r\n\r\n   JmxAutoConfiguration:\r\n      Did not match:\r\n         - @ConditionalOnProperty (spring.jmx.enabled=true) found different value in property 'enabled' (OnPropertyCondition)\r\n      Matched:\r\n         - @ConditionalOnClass found required class 'org.springframework.jmx.export.MBeanExporter' (OnClassCondition)\r\n\r\n   JndiConnectionFactoryAutoConfiguration:\r\n      Did not match:\r\n         - @ConditionalOnClass did not find required class 'org.springframework.jms.core.JmsTemplate' (OnClassCondition)\r\n\r\n   JndiDataSourceAutoConfiguration:\r\n      Did not match:\r\n         - @ConditionalOnProperty (spring.datasource.jndi-name) did not find property 'jndi-name' (OnPropertyCondition)\r\n      Matched:\r\n         - @ConditionalOnClass found required classes 'javax.sql.DataSource', 'org.springframework.jdbc.datasource.embedded.EmbeddedDatabaseType' (OnClassCondition)\r\n\r\n   JndiJtaConfiguration:\r\n      Did not match:\r\n         - @ConditionalOnJndi JNDI environment is not available (OnJndiCondition)\r\n      Matched:\r\n         - @ConditionalOnClass found required class 'org.springframework.transaction.jta.JtaTransactionManager' (OnClassCondition)\r\n\r\n   JooqAutoConfiguration:\r\n      Did not match:\r\n         - @ConditionalOnClass did not find required class 'org.jooq.DSLContext' (OnClassCondition)\r\n\r\n   JpaBaseConfiguration.JpaWebConfiguration:\r\n      Did not match:\r\n         - @ConditionalOnProperty (spring.jpa.open-in-view=true) found different value in property 'open-in-view' (OnPropertyCondition)\r\n      Matched:\r\n         - @ConditionalOnClass found required class 'org.springframework.web.servlet.config.annotation.WebMvcConfigurer' (OnClassCondition)\r\n         - found 'session' scope (OnWebApplicationCondition)\r\n\r\n   JpaRepositoriesAutoConfiguration:\r\n      Did not match:\r\n         - @ConditionalOnMissingBean (types: org.springframework.data.jpa.repository.support.JpaRepositoryFactoryBean,org.springframework.data.jpa.repository.config.JpaRepositoryConfigExtension; SearchStrategy: all) found beans of type 'org.springframework.data.jpa.repository.support.JpaRepositoryFactoryBean' &messageHeaderInfoRepository, &certificateStatusRepository, &jurisdictionRepository, &accessControlRepository, &destinationRepository and found beans of type 'org.springframework.data.jpa.repository.config.JpaRepositoryConfigExtension' org.springframework.data.jpa.repository.config.JpaRepositoryConfigExtension#0 (OnBeanCondition)\r\n      Matched:\r\n         - @ConditionalOnClass found required class 'org.springframework.data.jpa.repository.JpaRepository' (OnClassCondition)\r\n         - @ConditionalOnProperty (spring.data.jpa.repositories.enabled=true) matched (OnPropertyCondition)\r\n\r\n   JsonbAutoConfiguration:\r\n      Did not match:\r\n         - @ConditionalOnClass did not find required class 'jakarta.json.bind.Jsonb' (OnClassCondition)\r\n\r\n   JsonbHttpMessageConvertersConfiguration:\r\n      Did not match:\r\n         - @ConditionalOnClass did not find required class 'jakarta.json.bind.Jsonb' (OnClassCondition)\r\n\r\n   KafkaAutoConfiguration:\r\n      Did not match:\r\n         - @ConditionalOnClass did not find required class 'org.springframework.kafka.core.KafkaTemplate' (OnClassCondition)\r\n\r\n   LdapAutoConfiguration:\r\n      Did not match:\r\n         - @ConditionalOnClass did not find required class 'org.springframework.ldap.core.ContextSource' (OnClassCondition)\r\n\r\n   LdapRepositoriesAutoConfiguration:\r\n      Did not match:\r\n         - @ConditionalOnClass did not find required class 'org.springframework.data.ldap.repository.LdapRepository' (OnClassCondition)\r\n\r\n   LiquibaseAutoConfiguration:\r\n      Did not match:\r\n         - @ConditionalOnClass did not find required class 'liquibase.change.DatabaseChange' (OnClassCondition)\r\n\r\n   MailSenderAutoConfiguration:\r\n      Did not match:\r\n         - @ConditionalOnClass did not find required class 'jakarta.mail.internet.MimeMessage' (OnClassCondition)\r\n\r\n   MailSenderValidatorAutoConfiguration:\r\n      Did not match:\r\n         - @ConditionalOnSingleCandidate did not find required type 'org.springframework.mail.javamail.JavaMailSenderImpl' (OnBeanCondition)\r\n\r\n   MessageSourceAutoConfiguration:\r\n      Did not match:\r\n         - ResourceBundle did not find bundle with basename messages (MessageSourceAutoConfiguration.ResourceBundleCondition)\r\n\r\n   MongoAutoConfiguration:\r\n      Did not match:\r\n         - @ConditionalOnClass did not find required class 'com.mongodb.client.MongoClient' (OnClassCondition)\r\n\r\n   MongoDataAutoConfiguration:\r\n      Did not match:\r\n         - @ConditionalOnClass did not find required class 'com.mongodb.client.MongoClient' (OnClassCondition)\r\n\r\n   MongoReactiveAutoConfiguration:\r\n      Did not match:\r\n         - @ConditionalOnClass did not find required class 'com.mongodb.reactivestreams.client.MongoClient' (OnClassCondition)\r\n\r\n   MongoReactiveDataAutoConfiguration:\r\n      Did not match:\r\n         - @ConditionalOnClass did not find required class 'com.mongodb.reactivestreams.client.MongoClient' (OnClassCondition)\r\n\r\n   MongoReactiveRepositoriesAutoConfiguration:\r\n      Did not match:\r\n         - @ConditionalOnClass did not find required class 'com.mongodb.reactivestreams.client.MongoClient' (OnClassCondition)\r\n\r\n   MongoRepositoriesAutoConfiguration:\r\n      Did not match:\r\n         - @ConditionalOnClass did not find required class 'com.mongodb.client.MongoClient' (OnClassCondition)\r\n\r\n   org.springdoc.webflux.core.configuration.MultipleOpenApiSupportConfiguration:\r\n      Did not match:\r\n         - not a reactive web application (OnWebApplicationCondition)\r\n\r\n   org.springdoc.webmvc.core.configuration.MultipleOpenApiSupportConfiguration:\r\n      Did not match:\r\n         - AnyNestedCondition 0 matched 2 did not; NestedCondition on MultipleOpenApiSupportCondition.OnActuatorDifferentPort @ConditionalOnProperty (springdoc.show-actuator) did not find property 'springdoc.show-actuator'; NestedCondition on MultipleOpenApiSupportCondition.OnMultipleOpenApiSupportCondition AnyNestedCondition 0 matched 2 did not; NestedCondition on MultipleOpenApiGroupsCondition.OnGroupConfigProperty @ConditionalOnProperty (springdoc.group-configs[0].group) did not find property 'springdoc.group-configs[0].group'; NestedCondition on MultipleOpenApiGroupsCondition.OnGroupedOpenApiBean @ConditionalOnBean (types: org.springdoc.core.models.GroupedOpenApi; SearchStrategy: all) did not find any beans of type org.springdoc.core.models.GroupedOpenApi (MultipleOpenApiSupportCondition)\r\n      Matched:\r\n         - found 'session' scope (OnWebApplicationCondition)\r\n         - @ConditionalOnProperty (springdoc.api-docs.enabled) matched (OnPropertyCondition)\r\n\r\n   MultipleOpenApiSupportConfiguration.SpringDocWebMvcActuatorDifferentConfiguration:\r\n      Did not match:\r\n         - @ConditionalOnClass did not find required class 'org.springframework.boot.actuate.endpoint.web.servlet.WebMvcEndpointHandlerMapping' (OnClassCondition)\r\n         - Ancestor org.springdoc.webmvc.core.configuration.MultipleOpenApiSupportConfiguration did not match (ConditionEvaluationReport.AncestorsMatchedCondition)\r\n\r\n   MustacheAutoConfiguration:\r\n      Did not match:\r\n         - @ConditionalOnClass did not find required class 'com.samskivert.mustache.Mustache' (OnClassCondition)\r\n\r\n   Neo4jAutoConfiguration:\r\n      Did not match:\r\n         - @ConditionalOnClass did not find required class 'org.neo4j.driver.Driver' (OnClassCondition)\r\n\r\n   Neo4jDataAutoConfiguration:\r\n      Did not match:\r\n         - @ConditionalOnClass did not find required class 'org.neo4j.driver.Driver' (OnClassCondition)\r\n\r\n   Neo4jReactiveDataAutoConfiguration:\r\n      Did not match:\r\n         - @ConditionalOnClass did not find required class 'org.neo4j.driver.Driver' (OnClassCondition)\r\n\r\n   Neo4jReactiveRepositoriesAutoConfiguration:\r\n      Did not match:\r\n         - @ConditionalOnClass did not find required class 'org.neo4j.driver.Driver' (OnClassCondition)\r\n\r\n   Neo4jRepositoriesAutoConfiguration:\r\n      Did not match:\r\n         - @ConditionalOnClass did not find required class 'org.neo4j.driver.Driver' (OnClassCondition)\r\n\r\n   NettyAutoConfiguration:\r\n      Did not match:\r\n         - @ConditionalOnClass did not find required class 'io.netty.util.NettyRuntime' (OnClassCondition)\r\n\r\n   OAuth2AuthorizationServerAutoConfiguration:\r\n      Did not match:\r\n         - @ConditionalOnClass did not find required class 'org.springframework.security.oauth2.server.authorization.OAuth2Authorization' (OnClassCondition)\r\n\r\n   OAuth2AuthorizationServerJwtAutoConfiguration:\r\n      Did not match:\r\n         - @ConditionalOnClass did not find required class 'org.springframework.security.oauth2.server.authorization.OAuth2Authorization' (OnClassCondition)\r\n\r\n   OAuth2ClientAutoConfiguration:\r\n      Did not match:\r\n         - @ConditionalOnClass did not find required class 'org.springframework.security.oauth2.client.registration.ClientRegistration' (OnClassCondition)\r\n\r\n   OAuth2ResourceServerAutoConfiguration:\r\n      Did not match:\r\n         - @ConditionalOnClass did not find required class 'org.springframework.security.oauth2.server.resource.authentication.BearerTokenAuthenticationToken' (OnClassCondition)\r\n\r\n   ProjectInfoAutoConfiguration#buildProperties:\r\n      Did not match:\r\n         - @ConditionalOnResource did not find resource '${spring.info.build.location:classpath:META-INF/build-info.properties}' (OnResourceCondition)\r\n\r\n   ProjectInfoAutoConfiguration#gitProperties:\r\n      Did not match:\r\n         - GitResource did not find git info at classpath:git.properties (ProjectInfoAutoConfiguration.GitResourceAvailableCondition)\r\n\r\n   PulsarAutoConfiguration:\r\n      Did not match:\r\n         - @ConditionalOnClass did not find required class 'org.apache.pulsar.client.api.PulsarClient' (OnClassCondition)\r\n\r\n   PulsarReactiveAutoConfiguration:\r\n      Did not match:\r\n         - @ConditionalOnClass did not find required class 'org.apache.pulsar.client.api.PulsarClient' (OnClassCondition)\r\n\r\n   QuartzAutoConfiguration:\r\n      Did not match:\r\n         - @ConditionalOnClass did not find required class 'org.quartz.Scheduler' (OnClassCondition)\r\n\r\n   R2dbcAutoConfiguration:\r\n      Did not match:\r\n         - @ConditionalOnClass did not find required class 'io.r2dbc.spi.ConnectionFactory' (OnClassCondition)\r\n\r\n   R2dbcDataAutoConfiguration:\r\n      Did not match:\r\n         - @ConditionalOnClass did not find required class 'org.springframework.data.r2dbc.core.R2dbcEntityTemplate' (OnClassCondition)\r\n\r\n   R2dbcInitializationConfiguration:\r\n      Did not match:\r\n         - @ConditionalOnClass did not find required classes 'io.r2dbc.spi.ConnectionFactory', 'org.springframework.r2dbc.connection.init.DatabasePopulator' (OnClassCondition)\r\n\r\n   R2dbcRepositoriesAutoConfiguration:\r\n      Did not match:\r\n         - @ConditionalOnClass did not find required class 'io.r2dbc.spi.ConnectionFactory' (OnClassCondition)\r\n\r\n   R2dbcTransactionManagerAutoConfiguration:\r\n      Did not match:\r\n         - @ConditionalOnClass did not find required class 'org.springframework.r2dbc.connection.R2dbcTransactionManager' (OnClassCondition)\r\n\r\n   RSocketGraphQlClientAutoConfiguration:\r\n      Did not match:\r\n         - @ConditionalOnClass did not find required class 'graphql.GraphQL' (OnClassCondition)\r\n\r\n   RSocketMessagingAutoConfiguration:\r\n      Did not match:\r\n         - @ConditionalOnClass did not find required class 'io.rsocket.RSocket' (OnClassCondition)\r\n\r\n   RSocketRequesterAutoConfiguration:\r\n      Did not match:\r\n         - @ConditionalOnClass did not find required class 'io.rsocket.RSocket' (OnClassCondition)\r\n\r\n   RSocketSecurityAutoConfiguration:\r\n      Did not match:\r\n         - @ConditionalOnClass did not find required class 'org.springframework.security.rsocket.core.SecuritySocketAcceptorInterceptor' (OnClassCondition)\r\n\r\n   RSocketServerAutoConfiguration:\r\n      Did not match:\r\n         - @ConditionalOnClass did not find required class 'io.rsocket.core.RSocketServer' (OnClassCondition)\r\n\r\n   RSocketStrategiesAutoConfiguration:\r\n      Did not match:\r\n         - @ConditionalOnClass did not find required class 'io.netty.buffer.PooledByteBufAllocator' (OnClassCondition)\r\n\r\n   RabbitAutoConfiguration:\r\n      Did not match:\r\n         - @ConditionalOnClass did not find required class 'com.rabbitmq.client.Channel' (OnClassCondition)\r\n\r\n   ReactiveElasticsearchClientAutoConfiguration:\r\n      Did not match:\r\n         - @ConditionalOnClass did not find required class 'co.elastic.clients.transport.ElasticsearchTransport' (OnClassCondition)\r\n\r\n   ReactiveElasticsearchRepositoriesAutoConfiguration:\r\n      Did not match:\r\n         - @ConditionalOnClass did not find required class 'org.springframework.data.elasticsearch.client.elc.ReactiveElasticsearchClient' (OnClassCondition)\r\n\r\n   ReactiveMultipartAutoConfiguration:\r\n      Did not match:\r\n         - not a reactive web application (OnWebApplicationCondition)\r\n      Matched:\r\n         - @ConditionalOnClass found required classes 'org.springframework.http.codec.multipart.DefaultPartHttpMessageReader', 'org.springframework.web.reactive.config.WebFluxConfigurer' (OnClassCondition)\r\n\r\n   ReactiveOAuth2ClientAutoConfiguration:\r\n      Did not match:\r\n         - @ConditionalOnClass did not find required class 'org.springframework.security.oauth2.client.registration.ClientRegistration' (OnClassCondition)\r\n\r\n   ReactiveOAuth2ResourceServerAutoConfiguration:\r\n      Did not match:\r\n         - not a reactive web application (OnWebApplicationCondition)\r\n      Matched:\r\n         - @ConditionalOnClass found required class 'org.springframework.security.config.annotation.web.reactive.EnableWebFluxSecurity' (OnClassCondition)\r\n\r\n   ReactiveSecurityAutoConfiguration.SpringBootWebFluxSecurityConfiguration:\r\n      Did not match:\r\n         - not a reactive web application (OnWebApplicationCondition)\r\n\r\n   ReactiveUserDetailsServiceAutoConfiguration:\r\n      Did not match:\r\n         - AnyNestedCondition 0 matched 2 did not; NestedCondition on ReactiveUserDetailsServiceAutoConfiguration.RSocketEnabledOrReactiveWebApplication.ReactiveWebApplicationCondition not a reactive web application; NestedCondition on ReactiveUserDetailsServiceAutoConfiguration.RSocketEnabledOrReactiveWebApplication.RSocketSecurityEnabledCondition @ConditionalOnBean (types: org.springframework.messaging.rsocket.annotation.support.RSocketMessageHandler; SearchStrategy: all) did not find any beans of type org.springframework.messaging.rsocket.annotation.support.RSocketMessageHandler (ReactiveUserDetailsServiceAutoConfiguration.RSocketEnabledOrReactiveWebApplication)\r\n      Matched:\r\n         - @ConditionalOnClass found required class 'org.springframework.security.authentication.ReactiveAuthenticationManager' (OnClassCondition)\r\n         - AnyNestedCondition 1 matched 2 did not; NestedCondition on ReactiveUserDetailsServiceAutoConfiguration.MissingAlternativeOrUserPropertiesConfigured.PasswordConfigured @ConditionalOnProperty (spring.security.user.password) did not find property 'password'; NestedCondition on ReactiveUserDetailsServiceAutoConfiguration.MissingAlternativeOrUserPropertiesConfigured.NameConfigured @ConditionalOnProperty (spring.security.user.name) did not find property 'name'; NestedCondition on ReactiveUserDetailsServiceAutoConfiguration.MissingAlternativeOrUserPropertiesConfigured.MissingAlternative @ConditionalOnMissingClass did not find unwanted classes 'org.springframework.security.oauth2.client.registration.ClientRegistrationRepository', 'org.springframework.security.oauth2.server.resource.introspection.ReactiveOpaqueTokenIntrospector' (ReactiveUserDetailsServiceAutoConfiguration.MissingAlternativeOrUserPropertiesConfigured)\r\n\r\n   ReactiveWebServerFactoryAutoConfiguration:\r\n      Did not match:\r\n         - not a reactive web application (OnWebApplicationCondition)\r\n      Matched:\r\n         - @ConditionalOnClass found required class 'org.springframework.http.ReactiveHttpInputMessage' (OnClassCondition)\r\n\r\n   RedisAutoConfiguration:\r\n      Did not match:\r\n         - @ConditionalOnClass did not find required class 'org.springframework.data.redis.core.RedisOperations' (OnClassCondition)\r\n\r\n   RedisCacheConfiguration:\r\n      Did not match:\r\n         - @ConditionalOnClass did not find required class 'org.springframework.data.redis.connection.RedisConnectionFactory' (OnClassCondition)\r\n\r\n   RedisReactiveAutoConfiguration:\r\n      Did not match:\r\n         - @ConditionalOnClass did not find required class 'org.springframework.data.redis.connection.ReactiveRedisConnectionFactory' (OnClassCondition)\r\n\r\n   RedisRepositoriesAutoConfiguration:\r\n      Did not match:\r\n         - @ConditionalOnClass did not find required class 'org.springframework.data.redis.repository.configuration.EnableRedisRepositories' (OnClassCondition)\r\n\r\n   RepositoryRestMvcAutoConfiguration:\r\n      Did not match:\r\n         - @ConditionalOnClass did not find required class 'org.springframework.data.rest.webmvc.config.RepositoryRestMvcConfiguration' (OnClassCondition)\r\n\r\n   Saml2RelyingPartyAutoConfiguration:\r\n      Did not match:\r\n         - @ConditionalOnClass did not find required class 'org.springframework.security.saml2.provider.service.registration.RelyingPartyRegistrationRepository' (OnClassCondition)\r\n\r\n   SecurityDataConfiguration:\r\n      Did not match:\r\n         - @ConditionalOnClass did not find required class 'org.springframework.security.data.repository.query.SecurityEvaluationContextExtension' (OnClassCondition)\r\n\r\n   SendGridAutoConfiguration:\r\n      Did not match:\r\n         - @ConditionalOnClass did not find required class 'com.sendgrid.SendGrid' (OnClassCondition)\r\n\r\n   ServletWebServerFactoryAutoConfiguration.ForwardedHeaderFilterConfiguration:\r\n      Did not match:\r\n         - @ConditionalOnProperty (server.forward-headers-strategy=framework) did not find property 'server.forward-headers-strategy' (OnPropertyCondition)\r\n\r\n   ServletWebServerFactoryConfiguration.EmbeddedJetty:\r\n      Did not match:\r\n         - @ConditionalOnClass did not find required classes 'org.eclipse.jetty.server.Server', 'org.eclipse.jetty.util.Loader', 'org.eclipse.jetty.ee10.webapp.WebAppContext' (OnClassCondition)\r\n\r\n   ServletWebServerFactoryConfiguration.EmbeddedTomcat:\r\n      Did not match:\r\n         - @ConditionalOnMissingBean (types: org.springframework.boot.web.servlet.server.ServletWebServerFactory; SearchStrategy: current) found beans of type 'org.springframework.boot.web.servlet.server.ServletWebServerFactory' tomcatServletWebServerFactory (OnBeanCondition)\r\n      Matched:\r\n         - @ConditionalOnClass found required classes 'jakarta.servlet.Servlet', 'org.apache.catalina.startup.Tomcat', 'org.apache.coyote.UpgradeProtocol' (OnClassCondition)\r\n\r\n   ServletWebServerFactoryConfiguration.EmbeddedUndertow:\r\n      Did not match:\r\n         - @ConditionalOnClass did not find required classes 'io.undertow.Undertow', 'org.xnio.SslClientAuthMode' (OnClassCondition)\r\n\r\n   SessionAutoConfiguration:\r\n      Did not match:\r\n         - @ConditionalOnClass did not find required class 'org.springframework.session.Session' (OnClassCondition)\r\n\r\n   SpringApplicationAdminJmxAutoConfiguration:\r\n      Did not match:\r\n         - @ConditionalOnProperty (spring.application.admin.enabled=true) did not find property 'enabled' (OnPropertyCondition)\r\n\r\n   SpringBootWebSecurityConfiguration.SecurityFilterChainConfiguration:\r\n      Did not match:\r\n         - AllNestedConditions 1 matched 1 did not; NestedCondition on DefaultWebSecurityCondition.Beans @ConditionalOnMissingBean (types: org.springframework.security.web.SecurityFilterChain; SearchStrategy: all) found beans of type 'org.springframework.security.web.SecurityFilterChain' filterChain; NestedCondition on DefaultWebSecurityCondition.Classes @ConditionalOnClass found required classes 'org.springframework.security.web.SecurityFilterChain', 'org.springframework.security.config.annotation.web.builders.HttpSecurity' (DefaultWebSecurityCondition)\r\n\r\n   SpringDocConfiguration#propertiesResolverForSchema:\r\n      Did not match:\r\n         - @ConditionalOnProperty (springdoc.api-docs.resolve-schema-properties) did not find property 'springdoc.api-docs.resolve-schema-properties' (OnPropertyCondition)\r\n\r\n   SpringDocConfiguration#propertyCustomizingConverter:\r\n      Did not match:\r\n         - @ConditionalOnBean (types: org.springdoc.core.customizers.PropertyCustomizer; SearchStrategy: all) did not find any beans of type org.springdoc.core.customizers.PropertyCustomizer (OnBeanCondition)\r\n\r\n   SpringDocConfiguration#springdocBeanFactoryPostProcessor:\r\n      Did not match:\r\n         - AnyNestedCondition 0 matched 2 did not; NestedCondition on CacheOrGroupedOpenApiCondition.OnCacheDisabled found non-matching nested conditions @ConditionalOnProperty (springdoc.cache.disabled) did not find property 'springdoc.cache.disabled'; NestedCondition on CacheOrGroupedOpenApiCondition.OnMultipleOpenApiSupportCondition AnyNestedCondition 0 matched 2 did not; NestedCondition on MultipleOpenApiSupportCondition.OnActuatorDifferentPort @ConditionalOnProperty (springdoc.show-actuator) did not find property 'springdoc.show-actuator'; NestedCondition on MultipleOpenApiSupportCondition.OnMultipleOpenApiSupportCondition AnyNestedCondition 0 matched 2 did not; NestedCondition on MultipleOpenApiGroupsCondition.OnGroupConfigProperty @ConditionalOnProperty (springdoc.group-configs[0].group) did not find property 'springdoc.group-configs[0].group'; NestedCondition on MultipleOpenApiGroupsCondition.OnGroupedOpenApiBean @ConditionalOnBean (types: org.springdoc.core.models.GroupedOpenApi; SearchStrategy: all) did not find any beans of type org.springdoc.core.models.GroupedOpenApi (CacheOrGroupedOpenApiCondition)\r\n      Matched:\r\n         - @ConditionalOnClass found required class 'org.springframework.boot.context.properties.bind.BindResult' (OnClassCondition)\r\n\r\n   SpringDocConfiguration#springdocBeanFactoryPostProcessor2:\r\n      Did not match:\r\n         - @ConditionalOnMissingClass found unwanted class 'org.springframework.boot.context.properties.bind.BindResult' (OnClassCondition)\r\n\r\n   SpringDocConfiguration.SpringDocActuatorConfiguration:\r\n      Did not match:\r\n         - @ConditionalOnClass did not find required class 'org.springframework.boot.actuate.autoconfigure.endpoint.web.WebEndpointProperties' (OnClassCondition)\r\n\r\n   SpringDocConfiguration.SpringDocRepositoryRestConfiguration:\r\n      Did not match:\r\n         - @ConditionalOnClass did not find required class 'org.springframework.data.rest.core.config.RepositoryRestConfiguration' (OnClassCondition)\r\n\r\n   SpringDocDataRestConfiguration:\r\n      Did not match:\r\n         - @ConditionalOnClass did not find required class 'org.springframework.data.rest.core.config.RepositoryRestConfiguration' (OnClassCondition)\r\n\r\n   SpringDocFunctionCatalogConfiguration:\r\n      Did not match:\r\n         - @ConditionalOnClass did not find required class 'org.springframework.cloud.function.web.function.FunctionEndpointInitializer' (OnClassCondition)\r\n\r\n   SpringDocGroovyConfiguration:\r\n      Did not match:\r\n         - @ConditionalOnClass did not find required class 'groovy.lang.MetaClass' (OnClassCondition)\r\n\r\n   SpringDocHateoasConfiguration:\r\n      Did not match:\r\n         - @ConditionalOnClass did not find required class 'org.springframework.hateoas.server.LinkRelationProvider' (OnClassCondition)\r\n\r\n   SpringDocJacksonKotlinModuleConfiguration:\r\n      Did not match:\r\n         - @ConditionalOnClass did not find required class 'com.fasterxml.jackson.module.kotlin.KotlinModule' (OnClassCondition)\r\n\r\n   SpringDocJavadocConfiguration:\r\n      Did not match:\r\n         - @ConditionalOnClass did not find required class 'com.github.therapi.runtimejavadoc.CommentFormatter' (OnClassCondition)\r\n\r\n   SpringDocKotlinConfiguration:\r\n      Did not match:\r\n         - @ConditionalOnClass did not find required class 'kotlin.coroutines.Continuation' (OnClassCondition)\r\n\r\n   SpringDocKotlinxConfiguration:\r\n      Did not match:\r\n         - @ConditionalOnClass did not find required class 'kotlinx.coroutines.flow.Flow' (OnClassCondition)\r\n\r\n   SpringDocSecurityConfiguration.SpringDocSecurityOAuth2Configuration:\r\n      Did not match:\r\n         - @ConditionalOnClass did not find required class 'org.springframework.security.oauth2.server.authorization.OAuth2AuthorizationService' (OnClassCondition)\r\n\r\n   SpringDocSecurityConfiguration.SpringSecurityLoginEndpointConfiguration#springSecurityLoginEndpointCustomiser:\r\n      Did not match:\r\n         - @ConditionalOnProperty (springdoc.show-login-endpoint) did not find property 'springdoc.show-login-endpoint' (OnPropertyCondition)\r\n\r\n   SpringDocSortConfiguration#delegatingMethodParameterCustomizer:\r\n      Did not match:\r\n         - @ConditionalOnMissingBean (types: org.springdoc.core.customizers.DelegatingMethodParameterCustomizer; SearchStrategy: all) found beans of type 'org.springdoc.core.customizers.DelegatingMethodParameterCustomizer' delegatingMethodParameterCustomizer (OnBeanCondition)\r\n\r\n   SpringDocWebFluxConfiguration:\r\n      Did not match:\r\n         - not a reactive web application (OnWebApplicationCondition)\r\n\r\n   SpringDocWebMvcConfiguration.SpringDocWebMvcActuatorConfiguration:\r\n      Did not match:\r\n         - @ConditionalOnClass did not find required class 'org.springframework.boot.actuate.endpoint.web.servlet.WebMvcEndpointHandlerMapping' (OnClassCondition)\r\n\r\n   org.springdoc.webflux.ui.SwaggerConfig:\r\n      Did not match:\r\n         - not a reactive web application (OnWebApplicationCondition)\r\n\r\n   SwaggerConfig#springWebProvider:\r\n      Did not match:\r\n         - @ConditionalOnMissingBean (types: org.springdoc.core.providers.SpringWebProvider; SearchStrategy: all) found beans of type 'org.springdoc.core.providers.SpringWebProvider' springWebProvider (OnBeanCondition)\r\n\r\n   SwaggerConfig#swaggerUiConfigParameters:\r\n      Did not match:\r\n         - @ConditionalOnMissingBean (types: org.springdoc.core.properties.SwaggerUiConfigParameters; SearchStrategy: all) found beans of type 'org.springdoc.core.properties.SwaggerUiConfigParameters' org.springdoc.core.properties.SwaggerUiConfigParameters (OnBeanCondition)\r\n\r\n   SwaggerConfig#swaggerUiHome:\r\n      Did not match:\r\n         - @ConditionalOnProperty (springdoc.swagger-ui.use-root-path=true) did not find property 'springdoc.swagger-ui.use-root-path' (OnPropertyCondition)\r\n\r\n   SwaggerConfig.SwaggerActuatorWelcomeConfiguration:\r\n      Did not match:\r\n         - @ConditionalOnClass did not find required class 'org.springframework.boot.actuate.endpoint.web.servlet.WebMvcEndpointHandlerMapping' (OnClassCondition)\r\n\r\n   TaskExecutorConfigurations.SimpleAsyncTaskExecutorBuilderConfiguration#simpleAsyncTaskExecutorBuilderVirtualThreads:\r\n      Did not match:\r\n         - @ConditionalOnMissingBean (types: org.springframework.boot.task.SimpleAsyncTaskExecutorBuilder; SearchStrategy: all) found beans of type 'org.springframework.boot.task.SimpleAsyncTaskExecutorBuilder' simpleAsyncTaskExecutorBuilder (OnBeanCondition)\r\n\r\n   TaskExecutorConfigurations.TaskExecutorConfiguration#applicationTaskExecutorVirtualThreads:\r\n      Did not match:\r\n         - @ConditionalOnThreading did not find VIRTUAL (OnThreadingCondition)\r\n\r\n   TaskSchedulingConfigurations.SimpleAsyncTaskSchedulerBuilderConfiguration#simpleAsyncTaskSchedulerBuilderVirtualThreads:\r\n      Did not match:\r\n         - @ConditionalOnMissingBean (types: org.springframework.boot.task.SimpleAsyncTaskSchedulerBuilder; SearchStrategy: all) found beans of type 'org.springframework.boot.task.SimpleAsyncTaskSchedulerBuilder' simpleAsyncTaskSchedulerBuilder (OnBeanCondition)\r\n\r\n   TaskSchedulingConfigurations.TaskSchedulerConfiguration#taskSchedulerVirtualThreads:\r\n      Did not match:\r\n         - @ConditionalOnThreading did not find VIRTUAL (OnThreadingCondition)\r\n\r\n   ThymeleafAutoConfiguration:\r\n      Did not match:\r\n         - @ConditionalOnClass did not find required class 'org.thymeleaf.spring6.SpringTemplateEngine' (OnClassCondition)\r\n\r\n   TransactionAutoConfiguration#transactionalOperator:\r\n      Did not match:\r\n         - @ConditionalOnSingleCandidate (types: org.springframework.transaction.ReactiveTransactionManager; SearchStrategy: all) did not find any beans (OnBeanCondition)\r\n\r\n   TransactionAutoConfiguration.AspectJTransactionManagementConfiguration:\r\n      Did not match:\r\n         - @ConditionalOnBean did not find required type 'org.springframework.transaction.aspectj.AbstractTransactionAspect' (OnBeanCondition)\r\n         - @ConditionalOnBean (types: org.springframework.transaction.aspectj.AbstractTransactionAspect; SearchStrategy: all) did not find any beans of type org.springframework.transaction.aspectj.AbstractTransactionAspect (OnBeanCondition)\r\n\r\n   TransactionAutoConfiguration.EnableTransactionManagementConfiguration.JdkDynamicAutoProxyConfiguration:\r\n      Did not match:\r\n         - @ConditionalOnProperty (spring.aop.proxy-target-class=false) did not find property 'proxy-target-class' (OnPropertyCondition)\r\n\r\n   UserDetailsServiceAutoConfiguration:\r\n      Did not match:\r\n         - @ConditionalOnMissingBean (types: org.springframework.security.authentication.AuthenticationManager,org.springframework.security.authentication.AuthenticationProvider,org.springframework.security.core.userdetails.UserDetailsService,org.springframework.security.authentication.AuthenticationManagerResolver,org.springframework.security.oauth2.jwt.JwtDecoder; SearchStrategy: all) found beans of type 'org.springframework.security.core.userdetails.UserDetailsService' userDetailsService (OnBeanCondition)\r\n      Matched:\r\n         - @ConditionalOnClass found required class 'org.springframework.security.authentication.AuthenticationManager' (OnClassCondition)\r\n         - AnyNestedCondition 1 matched 2 did not; NestedCondition on UserDetailsServiceAutoConfiguration.MissingAlternativeOrUserPropertiesConfigured.PasswordConfigured @ConditionalOnProperty (spring.security.user.password) did not find property 'password'; NestedCondition on UserDetailsServiceAutoConfiguration.MissingAlternativeOrUserPropertiesConfigured.NameConfigured @ConditionalOnProperty (spring.security.user.name) did not find property 'name'; NestedCondition on UserDetailsServiceAutoConfiguration.MissingAlternativeOrUserPropertiesConfigured.MissingAlternative @ConditionalOnMissingClass did not find unwanted classes 'org.springframework.security.oauth2.client.registration.ClientRegistrationRepository', 'org.springframework.security.oauth2.server.resource.introspection.OpaqueTokenIntrospector', 'org.springframework.security.saml2.provider.service.registration.RelyingPartyRegistrationRepository' (UserDetailsServiceAutoConfiguration.MissingAlternativeOrUserPropertiesConfigured)\r\n\r\n   ValidationAutoConfiguration:\r\n      Did not match:\r\n         - @ConditionalOnResource did not find resource 'classpath:META-INF/services/jakarta.validation.spi.ValidationProvider' (OnResourceCondition)\r\n      Matched:\r\n         - @ConditionalOnClass found required class 'jakarta.validation.executable.ExecutableValidator' (OnClassCondition)\r\n\r\n   WebFluxAutoConfiguration:\r\n      Did not match:\r\n         - not a reactive web application (OnWebApplicationCondition)\r\n      Matched:\r\n         - @ConditionalOnClass found required class 'org.springframework.web.reactive.config.WebFluxConfigurer' (OnClassCondition)\r\n\r\n   WebMvcAutoConfiguration#hiddenHttpMethodFilter:\r\n      Did not match:\r\n         - @ConditionalOnProperty (spring.mvc.hiddenmethod.filter.enabled) did not find property 'enabled' (OnPropertyCondition)\r\n\r\n   WebMvcAutoConfiguration.ProblemDetailsErrorHandlingConfiguration:\r\n      Did not match:\r\n         - @ConditionalOnProperty (spring.mvc.problemdetails.enabled=true) did not find property 'enabled' (OnPropertyCondition)\r\n\r\n   WebMvcAutoConfiguration.ResourceChainCustomizerConfiguration:\r\n      Did not match:\r\n         - @ConditionalOnEnabledResourceChain did not find class org.webjars.WebJarAssetLocator (OnEnabledResourceChainCondition)\r\n\r\n   WebMvcAutoConfiguration.WebMvcAutoConfigurationAdapter#beanNameViewResolver:\r\n      Did not match:\r\n         - @ConditionalOnMissingBean (types: org.springframework.web.servlet.view.BeanNameViewResolver; SearchStrategy: all) found beans of type 'org.springframework.web.servlet.view.BeanNameViewResolver' beanNameViewResolver (OnBeanCondition)\r\n\r\n   WebServiceTemplateAutoConfiguration:\r\n      Did not match:\r\n         - @ConditionalOnClass did not find required class 'org.springframework.oxm.Marshaller' (OnClassCondition)\r\n\r\n   WebServicesAutoConfiguration:\r\n      Did not match:\r\n         - @ConditionalOnClass did not find required class 'org.springframework.ws.transport.http.MessageDispatcherServlet' (OnClassCondition)\r\n\r\n   WebSessionIdResolverAutoConfiguration:\r\n      Did not match:\r\n         - not a reactive web application (OnWebApplicationCondition)\r\n      Matched:\r\n         - @ConditionalOnClass found required classes 'org.springframework.web.server.session.WebSessionManager', 'reactor.core.publisher.Mono' (OnClassCondition)\r\n\r\n   WebSocketMessagingAutoConfiguration:\r\n      Did not match:\r\n         - @ConditionalOnClass did not find required class 'org.springframework.web.socket.config.annotation.WebSocketMessageBrokerConfigurer' (OnClassCondition)\r\n\r\n   WebSocketReactiveAutoConfiguration:\r\n      Did not match:\r\n         - not a reactive web application (OnWebApplicationCondition)\r\n      Matched:\r\n         - @ConditionalOnClass found required classes 'jakarta.servlet.Servlet', 'jakarta.websocket.server.ServerContainer' (OnClassCondition)\r\n\r\n   XADataSourceAutoConfiguration:\r\n      Did not match:\r\n         - @ConditionalOnBean (types: org.springframework.boot.jdbc.XADataSourceWrapper; SearchStrategy: all) did not find any beans of type org.springframework.boot.jdbc.XADataSourceWrapper (OnBeanCondition)\r\n      Matched:\r\n         - @ConditionalOnClass found required classes 'javax.sql.DataSource', 'jakarta.transaction.TransactionManager', 'org.springframework.jdbc.datasource.embedded.EmbeddedDatabaseType' (OnClassCondition)\r\n\r\n\r\nExclusions:\r\n-----------\r\n\r\n    org.springframework.boot.autoconfigure.websocket.servlet.WebSocketServletAutoConfiguration\r\n\r\n\r\nUnconditional classes:\r\n----------------------\r\n\r\n    org.springframework.boot.autoconfigure.context.ConfigurationPropertiesAutoConfiguration\r\n\r\n    org.springframework.boot.autoconfigure.ssl.SslAutoConfiguration\r\n\r\n    org.springframework.boot.autoconfigure.context.PropertyPlaceholderAutoConfiguration\r\n\r\n    org.springframework.boot.autoconfigure.context.LifecycleAutoConfiguration\r\n\r\n    org.springdoc.core.configuration.SpringDocSpecPropertiesConfiguration\r\n\r\n    org.springframework.boot.autoconfigure.availability.ApplicationAvailabilityAutoConfiguration\r\n\r\n    org.springframework.boot.autoconfigure.info.ProjectInfoAutoConfiguration\r\n\r\n\r\n","logger_name":"org.springframework.boot.autoconfigure.logging.ConditionEvaluationReportLogger","thread_name":"IZ Gateway","level":"DEBUG","level_value":10000,"eventId":"1367958402000.1","sessionId":"0"}
{"@timestamp":"2024-05-03T17:12:46.7256658-04:00","@version":"1","message":"63 mappings in 'requestMappingHandlerMapping'","logger_name":"org.springframework.web.servlet.mvc.method.annotation.RequestMappingHandlerMapping","thread_name":"IZ Gateway","level":"DEBUG","level_value":10000,"eventId":"1367958402000.1","sessionId":"0"}
{"@timestamp":"2024-05-03T17:12:46.8371974-04:00","@version":"1","message":"Patterns [/webjars/**, /**, /swagger-ui*/*swagger-initializer.js, /swagger-ui*/**] in 'resourceHandlerMapping'","logger_name":"org.springframework.web.servlet.handler.SimpleUrlHandlerMapping","thread_name":"IZ Gateway","level":"DEBUG","level_value":10000,"eventId":"1367958402000.1","sessionId":"0"}
{"@timestamp":"2024-05-03T17:12:46.8412289-04:00","@version":"1","message":"Started ApplicationTests in 9.144 seconds (process running for 11.643)","logger_name":"gov.cdc.izgateway.ApplicationTests","thread_name":"IZ Gateway","level":"INFO","level_value":20000,"eventId":"1367958402000.1","sessionId":"0"}
{"@timestamp":"2024-05-03T17:12:46.844838-04:00","@version":"1","message":"Application availability state LivenessState changed to CORRECT","logger_name":"org.springframework.boot.availability.ApplicationAvailabilityBean","thread_name":"IZ Gateway","level":"DEBUG","level_value":10000,"eventId":"1367958402000.1","sessionId":"0"}
{"@timestamp":"2024-05-03T17:12:46.8478902-04:00","@version":"1","message":"Application availability state ReadinessState changed to ACCEPTING_TRAFFIC","logger_name":"org.springframework.boot.availability.ApplicationAvailabilityBean","thread_name":"IZ Gateway","level":"DEBUG","level_value":10000,"eventId":"1367958402000.1","sessionId":"0"}
{"@timestamp":"2024-05-03T17:12:46.8519075-04:00","@version":"1","message":"select d1_0.dest_id,d1_0.dest_type,d1_0.dest_uri,d1_0.dest_version,d1_0.facility_id,d1_0.jurisdiction_id,d1_0.maint_end,d1_0.maint_reason,d1_0.maint_start,d1_0.MSH22,d1_0.MSH3,d1_0.MSH4,d1_0.MSH5,d1_0.MSH6,d1_0.password,d1_0.RXA11,d1_0.username from destinations d1_0","logger_name":"org.hibernate.SQL","thread_name":"IZ Gateway","level":"DEBUG","level_value":10000,"eventId":"1367958402000.1","sessionId":"0"}
{"@timestamp":"2024-05-03T17:12:46.8534024-04:00","@version":"1","message":"select mh1_0.msh,mh1_0.dest_id,mh1_0.facility_id,mh1_0.iis,mh1_0.password,mh1_0.sourceType,mh1_0.username from messageheaderinfo mh1_0","logger_name":"org.hibernate.SQL","thread_name":"IZ Gateway","level":"DEBUG","level_value":10000,"eventId":"1367958402000.1","sessionId":"0"}
{"@timestamp":"2024-05-03T17:12:46.8544018-04:00","@version":"1","message":"Starting Status Checker","logger_name":"gov.cdc.izgateway.status.StatusCheckScheduler","thread_name":"IZ Gateway","level":"INFO","level_value":20000,"eventId":"1367958402000.1","sessionId":"0"}
{"@timestamp":"2024-05-03T17:12:46.8566533-04:00","@version":"1","message":"select d1_0.dest_id,d1_0.dest_type,d1_0.dest_uri,d1_0.dest_version,d1_0.facility_id,d1_0.jurisdiction_id,d1_0.maint_end,d1_0.maint_reason,d1_0.maint_start,d1_0.MSH22,d1_0.MSH3,d1_0.MSH4,d1_0.MSH5,d1_0.MSH6,d1_0.password,d1_0.RXA11,d1_0.username from destinations d1_0","logger_name":"org.hibernate.SQL","thread_name":"IZ Gateway","level":"DEBUG","level_value":10000,"eventId":"1367958402000.1","sessionId":"0"}
{"@timestamp":"2024-05-03T17:12:47.2294318-04:00","@version":"1","message":"select cs1_0.certificate_id,cs1_0.cert_serial_number,cs1_0.certificate_cn,cs1_0.last_check_status,cs1_0.last_checked_timestamp,cs1_0.next_check_timestamp from certificatestatus cs1_0 where cs1_0.certificate_id=?","logger_name":"org.hibernate.SQL","thread_name":"IZ Gateway","level":"DEBUG","level_value":10000,"eventId":"1367958402000.1","sessionId":"0"}
{"@timestamp":"2024-05-03T17:12:47.4425552-04:00","@version":"1","message":"select cs1_0.certificate_id,cs1_0.cert_serial_number,cs1_0.certificate_cn,cs1_0.last_check_status,cs1_0.last_checked_timestamp,cs1_0.next_check_timestamp from certificatestatus cs1_0 where cs1_0.certificate_id=?","logger_name":"org.hibernate.SQL","thread_name":"IZ Gateway","level":"DEBUG","level_value":10000,"eventId":"1367958402000.1","sessionId":"0"}
{"@timestamp":"2024-05-03T17:12:47.4746857-04:00","@version":"1","message":"insert into certificatestatus (cert_serial_number,certificate_cn,last_check_status,last_checked_timestamp,next_check_timestamp,certificate_id) values (?,?,?,?,?,?)","logger_name":"org.hibernate.SQL","thread_name":"IZ Gateway","level":"DEBUG","level_value":10000,"eventId":"1367958402000.1","sessionId":"0"}
{"@timestamp":"2024-05-03T17:12:47.6439512-04:00","@version":"1","message":"select d1_0.dest_id,d1_0.dest_type,d1_0.dest_uri,d1_0.dest_version,d1_0.facility_id,d1_0.jurisdiction_id,d1_0.maint_end,d1_0.maint_reason,d1_0.maint_start,d1_0.MSH22,d1_0.MSH3,d1_0.MSH4,d1_0.MSH5,d1_0.MSH6,d1_0.password,d1_0.RXA11,d1_0.username from destinations d1_0","logger_name":"org.hibernate.SQL","thread_name":"IZ Gateway","level":"DEBUG","level_value":10000,"eventId":"1367958402000.1","sessionId":"0"}
{"@timestamp":"2024-05-03T17:12:47.6469504-04:00","@version":"1","message":"Status Checker started","logger_name":"gov.cdc.izgateway.status.StatusCheckScheduler","thread_name":"IZ Gateway","level":"INFO","level_value":20000,"eventId":"1367958402000.1","sessionId":"0"}
{"@timestamp":"2024-05-03T17:12:47.6477391-04:00","@version":"1","message":"Connected to jdbc:h2:mem:db;DB_CLOSE_DELAY=-1","logger_name":"gov.cdc.izgateway.Application","thread_name":"IZ Gateway","level":"INFO","level_value":20000,"eventId":"1367958402000.1","sessionId":"0"}
{"@timestamp":"2024-05-03T17:12:47.6519395-04:00","@version":"1","message":"Application loaded\n\r\n    Build: izgw-hub-2.0.1-IZGW-SNAPSHOT-202405032112\r\n     Host: AP-AAD-PF3NHF9E\r\nTimestamp: 202405032112","logger_name":"gov.cdc.izgateway.Application","thread_name":"IZ Gateway","level":"INFO","level_value":20000,"eventId":"1367958402000.1","sessionId":"0"}
{"@timestamp":"2024-05-03T17:12:47.6560722-04:00","@version":"1","message":"Heartbeat","logger_name":"gov.cdc.izgateway.Application","thread_name":"IZ Gateway","level":"INFO","level_value":20000,"eventId":"1367958402000.1","sessionId":"0","health":{"statusAt":"2024-05-03T21:12:47.653+0000","lastChangeReason":"Normal application startup","started":"2024-05-03T21:12:35.264+0000","startupTime":12383,"buildName":"izgw-hub-2.0.1-IZGW-SNAPSHOT-202405032112","serverName":"dev.izgateway.org","environment":"Development","lastHealthyDate":"2024-05-03T21:12:47.647+0000","lastUnhealthyDate":null,"eventCount":0,"requestVolume":0,"successVolume":0,"healthy":true,"lastException":null,"hostname":"AP-AAD-PF3NHF9E"},"utilization":{"processCpuLoad":0.0,"systemCpuLoad":0.0,"heapMemoryUsage":{"init":532676608,"used":211515520,"committed":322961408,"max":8518631424},"nonHeapMemoryUsage":{"init":7667712,"used":127013568,"committed":129040384,"max":-1},"freeDiskSpace":123402252288,"totalDiskSpace":510770802688,"usedDiskSpace":387368550400}}
{"@timestamp":"2024-05-03T17:12:48.4103484-04:00","@version":"1","message":"Before Each","logger_name":"gov.cdc.izgateway.ApplicationTests","thread_name":"IZ Gateway","level":"INFO","level_value":20000,"eventId":"1367958402000.1","sessionId":"0"}
]]></system-out>
  </testcase>
  <testcase name="appControllerHealthTest" classname="gov.cdc.izgateway.ApplicationTests" time="0.008">
    <system-out><![CDATA[{"@timestamp":"2024-05-03T17:12:48.4361401-04:00","@version":"1","message":"Started","logger_name":"gov.cdc.izgateway.ApplicationTests","thread_name":"IZ Gateway","level":"INFO","level_value":20000,"eventId":"1367958402000.1","sessionId":"0"}
{"@timestamp":"2024-05-03T17:12:48.4414696-04:00","@version":"1","message":"Before Each","logger_name":"gov.cdc.izgateway.ApplicationTests","thread_name":"IZ Gateway","level":"INFO","level_value":20000,"eventId":"1367958402000.1","sessionId":"0"}
]]></system-out>
  </testcase>
  <testcase name="applicationIsHealthy" classname="gov.cdc.izgateway.ApplicationTests" time="0.003">
    <system-out><![CDATA[{"@timestamp":"2024-05-03T17:12:48.4473357-04:00","@version":"1","message":"Started","logger_name":"gov.cdc.izgateway.ApplicationTests","thread_name":"IZ Gateway","level":"INFO","level_value":20000,"eventId":"1367958402000.1","sessionId":"0"}
{"@timestamp":"2024-05-03T17:12:48.4507968-04:00","@version":"1","message":"Before Each","logger_name":"gov.cdc.izgateway.ApplicationTests","thread_name":"IZ Gateway","level":"INFO","level_value":20000,"eventId":"1367958402000.1","sessionId":"0"}
]]></system-out>
  </testcase>
  <testcase name="buildNoIsValid" classname="gov.cdc.izgateway.ApplicationTests" time="0.005">
    <system-out><![CDATA[{"@timestamp":"2024-05-03T17:12:48.4533892-04:00","@version":"1","message":"Started","logger_name":"gov.cdc.izgateway.ApplicationTests","thread_name":"IZ Gateway","level":"INFO","level_value":20000,"eventId":"1367958402000.1","sessionId":"0"}
{"@timestamp":"2024-05-03T17:12:48.4552816-04:00","@version":"1","message":"Before Each","logger_name":"gov.cdc.izgateway.ApplicationTests","thread_name":"IZ Gateway","level":"INFO","level_value":20000,"eventId":"1367958402000.1","sessionId":"0"}
]]></system-out>
  </testcase>
  <testcase name="logControllerTest" classname="gov.cdc.izgateway.ApplicationTests" time="0.006">
    <system-out><![CDATA[{"@timestamp":"2024-05-03T17:12:48.4597878-04:00","@version":"1","message":"Started","logger_name":"gov.cdc.izgateway.ApplicationTests","thread_name":"IZ Gateway","level":"INFO","level_value":20000,"eventId":"1367958402000.1","sessionId":"0"}
{"@timestamp":"2024-05-03T17:12:48.4628026-04:00","@version":"1","message":"Before Each","logger_name":"gov.cdc.izgateway.ApplicationTests","thread_name":"IZ Gateway","level":"INFO","level_value":20000,"eventId":"1367958402000.1","sessionId":"0"}
]]></system-out>
  </testcase>
  <testcase name="buildAndHealthAreReportedInLogs" classname="gov.cdc.izgateway.ApplicationTests" time="0.004">
    <system-out><![CDATA[{"@timestamp":"2024-05-03T17:12:48.4661826-04:00","@version":"1","message":"Started","logger_name":"gov.cdc.izgateway.ApplicationTests","thread_name":"IZ Gateway","level":"INFO","level_value":20000,"eventId":"1367958402000.1","sessionId":"0"}
{"@timestamp":"2024-05-03T17:12:48.4692108-04:00","@version":"1","message":"Before Each","logger_name":"gov.cdc.izgateway.ApplicationTests","thread_name":"IZ Gateway","level":"INFO","level_value":20000,"eventId":"1367958402000.1","sessionId":"0"}
]]></system-out>
  </testcase>
</testsuite>